00:43:12.017 [background-preinit] INFO  o.h.v.i.util.Version - [<clinit>,21] - HV000001: Hibernate Validator 6.0.22.Final
00:43:12.039 [restartedMain] INFO  c.i.IntelliSmartApplication - [logStarting,55] - Starting IntelliSmartApplication on VXer0NeXcitEd-moRphiNe.local with PID 88724 (/Users/kevin/Documents/000-Develop/projects/intellismart/is-admin/target/classes started by kevin in /Users/kevin/Documents/000-Develop/projects/intellismart)
00:43:12.040 [restartedMain] INFO  c.i.IntelliSmartApplication - [logStartupProfileInfo,655] - The following profiles are active: druid
00:43:13.832 [restartedMain] INFO  o.a.s.c.e.EhCacheManager - [getCache,169] - Using existing EHCache named [sys-authCache]
00:43:14.523 [restartedMain] INFO  o.a.s.c.e.EhCacheManager - [getCache,169] - Using existing EHCache named [loginRecordCache]
00:43:15.317 [restartedMain] INFO  c.a.d.p.DruidDataSource - [init,990] - {dataSource-1} inited
00:43:15.467 [restartedMain] INFO  o.a.s.c.e.EhCacheManager - [getCache,169] - Using existing EHCache named [sys-config]
00:43:15.470 [restartedMain] INFO  o.a.s.c.e.EhCacheManager - [getCache,169] - Using existing EHCache named [sys-config]
00:43:15.471 [restartedMain] INFO  o.a.s.c.e.EhCacheManager - [getCache,169] - Using existing EHCache named [sys-config]
00:43:15.471 [restartedMain] INFO  o.a.s.c.e.EhCacheManager - [getCache,169] - Using existing EHCache named [sys-config]
00:43:15.471 [restartedMain] INFO  o.a.s.c.e.EhCacheManager - [getCache,169] - Using existing EHCache named [sys-config]
00:43:15.472 [restartedMain] INFO  o.a.s.c.e.EhCacheManager - [getCache,169] - Using existing EHCache named [sys-config]
00:43:15.472 [restartedMain] INFO  o.a.s.c.e.EhCacheManager - [getCache,169] - Using existing EHCache named [sys-config]
00:43:15.472 [restartedMain] INFO  o.a.s.c.e.EhCacheManager - [getCache,169] - Using existing EHCache named [sys-config]
00:43:15.472 [restartedMain] INFO  o.a.s.c.e.EhCacheManager - [getCache,169] - Using existing EHCache named [sys-config]
00:43:15.577 [restartedMain] INFO  o.a.s.c.e.EhCacheManager - [getCache,169] - Using existing EHCache named [sys-userCache]
00:43:15.982 [restartedMain] INFO  o.a.c.h.Http11NioProtocol - [log,173] - Initializing ProtocolHandler ["http-nio-80"]
00:43:15.983 [restartedMain] INFO  o.a.c.c.StandardService - [log,173] - Starting service [Tomcat]
00:43:15.983 [restartedMain] INFO  o.a.c.c.StandardEngine - [log,173] - Starting Servlet engine: [Apache Tomcat/9.0.41]
00:43:16.078 [restartedMain] INFO  o.a.c.c.C.[.[.[/] - [log,173] - Initializing Spring embedded WebApplicationContext
00:43:16.360 [restartedMain] INFO  o.a.s.c.e.EhCacheManager - [getCache,169] - Using existing EHCache named [sys-dict]
00:43:16.368 [restartedMain] INFO  o.a.s.c.e.EhCacheManager - [getCache,169] - Using existing EHCache named [sys-dict]
00:43:16.375 [restartedMain] INFO  o.a.s.c.e.EhCacheManager - [getCache,169] - Using existing EHCache named [sys-dict]
00:43:16.383 [restartedMain] INFO  o.a.s.c.e.EhCacheManager - [getCache,169] - Using existing EHCache named [sys-dict]
00:43:16.390 [restartedMain] INFO  o.a.s.c.e.EhCacheManager - [getCache,169] - Using existing EHCache named [sys-dict]
00:43:16.398 [restartedMain] INFO  o.a.s.c.e.EhCacheManager - [getCache,169] - Using existing EHCache named [sys-dict]
00:43:16.405 [restartedMain] INFO  o.a.s.c.e.EhCacheManager - [getCache,169] - Using existing EHCache named [sys-dict]
00:43:16.413 [restartedMain] INFO  o.a.s.c.e.EhCacheManager - [getCache,169] - Using existing EHCache named [sys-dict]
00:43:16.420 [restartedMain] INFO  o.a.s.c.e.EhCacheManager - [getCache,169] - Using existing EHCache named [sys-dict]
00:43:16.426 [restartedMain] INFO  o.a.s.c.e.EhCacheManager - [getCache,169] - Using existing EHCache named [sys-dict]
00:43:16.603 [restartedMain] INFO  o.q.i.StdSchedulerFactory - [instantiate,1220] - Using default implementation for ThreadExecutor
00:43:16.619 [restartedMain] INFO  o.q.c.SchedulerSignalerImpl - [<init>,61] - Initialized Scheduler Signaller of type: class org.quartz.core.SchedulerSignalerImpl
00:43:16.620 [restartedMain] INFO  o.q.c.QuartzScheduler - [<init>,229] - Quartz Scheduler v.2.3.2 created.
00:43:16.626 [restartedMain] INFO  o.q.c.QuartzScheduler - [initialize,294] - Scheduler meta-data: Quartz Scheduler (v2.3.2) 'IntelliSmartScheduler' with instanceId 'VXer0NeXcitEd-moRphiNe.local1627663396607'
  Scheduler class: 'org.quartz.core.QuartzScheduler' - running locally.
  NOT STARTED.
  Currently in standby mode.
  Number of jobs executed: 0
  Using thread pool 'org.quartz.simpl.SimpleThreadPool' - with 20 threads.
  Using job-store 'org.springframework.scheduling.quartz.LocalDataSourceJobStore' - which supports persistence. and is clustered.

00:43:16.626 [restartedMain] INFO  o.q.i.StdSchedulerFactory - [instantiate,1374] - Quartz scheduler 'IntelliSmartScheduler' initialized from an externally provided properties instance.
00:43:16.626 [restartedMain] INFO  o.q.i.StdSchedulerFactory - [instantiate,1378] - Quartz scheduler version: 2.3.2
00:43:16.627 [restartedMain] INFO  o.q.c.QuartzScheduler - [setJobFactory,2293] - JobFactory set to: org.springframework.scheduling.quartz.AdaptableJobFactory@7468e895
00:43:18.434 [restartedMain] INFO  o.a.c.h.Http11NioProtocol - [log,173] - Starting ProtocolHandler ["http-nio-80"]
00:43:18.459 [restartedMain] INFO  c.i.IntelliSmartApplication - [logStarted,61] - Started IntelliSmartApplication in 6.818 seconds (JVM running for 7.891)
00:43:19.478 [Quartz Scheduler [IntelliSmartScheduler]] INFO  o.q.c.QuartzScheduler - [start,547] - Scheduler IntelliSmartScheduler_$_VXer0NeXcitEd-moRphiNe.local1627663396607 started.
00:44:10.200 [SpringContextShutdownHook] INFO  o.q.c.QuartzScheduler - [standby,585] - Scheduler IntelliSmartScheduler_$_VXer0NeXcitEd-moRphiNe.local1627663396607 paused.
00:44:10.206 [SpringContextShutdownHook] INFO  o.q.c.QuartzScheduler - [shutdown,666] - Scheduler IntelliSmartScheduler_$_VXer0NeXcitEd-moRphiNe.local1627663396607 shutting down.
00:44:10.207 [SpringContextShutdownHook] INFO  o.q.c.QuartzScheduler - [standby,585] - Scheduler IntelliSmartScheduler_$_VXer0NeXcitEd-moRphiNe.local1627663396607 paused.
00:44:10.207 [SpringContextShutdownHook] INFO  o.q.c.QuartzScheduler - [shutdown,740] - Scheduler IntelliSmartScheduler_$_VXer0NeXcitEd-moRphiNe.local1627663396607 shutdown complete.
00:44:10.207 [SpringContextShutdownHook] INFO  sys-user - [shutdownAsyncManager,62] - ====关闭后台任务任务线程池====
00:44:10.209 [SpringContextShutdownHook] INFO  sys-user - [shutdownEhCacheManager,75] - ====关闭缓存====
00:44:10.221 [SpringContextShutdownHook] INFO  c.a.d.p.DruidDataSource - [close,2043] - {dataSource-1} closing ...
00:44:10.228 [SpringContextShutdownHook] INFO  c.a.d.p.DruidDataSource - [close,2116] - {dataSource-1} closed
00:45:27.905 [background-preinit] INFO  o.h.v.i.util.Version - [<clinit>,21] - HV000001: Hibernate Validator 6.0.22.Final
00:45:27.924 [restartedMain] INFO  c.i.IntelliSmartApplication - [logStarting,55] - Starting IntelliSmartApplication on VXer0NeXcitEd-moRphiNe.local with PID 88754 (/Users/kevin/Documents/000-Develop/projects/intellismart/is-admin/target/classes started by kevin in /Users/kevin/Documents/000-Develop/projects/intellismart)
00:45:27.925 [restartedMain] INFO  c.i.IntelliSmartApplication - [logStartupProfileInfo,655] - The following profiles are active: druid
00:45:29.505 [restartedMain] INFO  o.a.s.c.e.EhCacheManager - [getCache,169] - Using existing EHCache named [sys-authCache]
00:45:30.198 [restartedMain] INFO  o.a.s.c.e.EhCacheManager - [getCache,169] - Using existing EHCache named [loginRecordCache]
00:45:30.977 [restartedMain] INFO  c.a.d.p.DruidDataSource - [init,990] - {dataSource-1} inited
00:45:31.124 [restartedMain] INFO  o.a.s.c.e.EhCacheManager - [getCache,169] - Using existing EHCache named [sys-config]
00:45:31.127 [restartedMain] INFO  o.a.s.c.e.EhCacheManager - [getCache,169] - Using existing EHCache named [sys-config]
00:45:31.127 [restartedMain] INFO  o.a.s.c.e.EhCacheManager - [getCache,169] - Using existing EHCache named [sys-config]
00:45:31.128 [restartedMain] INFO  o.a.s.c.e.EhCacheManager - [getCache,169] - Using existing EHCache named [sys-config]
00:45:31.128 [restartedMain] INFO  o.a.s.c.e.EhCacheManager - [getCache,169] - Using existing EHCache named [sys-config]
00:45:31.128 [restartedMain] INFO  o.a.s.c.e.EhCacheManager - [getCache,169] - Using existing EHCache named [sys-config]
00:45:31.129 [restartedMain] INFO  o.a.s.c.e.EhCacheManager - [getCache,169] - Using existing EHCache named [sys-config]
00:45:31.129 [restartedMain] INFO  o.a.s.c.e.EhCacheManager - [getCache,169] - Using existing EHCache named [sys-config]
00:45:31.129 [restartedMain] INFO  o.a.s.c.e.EhCacheManager - [getCache,169] - Using existing EHCache named [sys-config]
00:45:31.242 [restartedMain] INFO  o.a.s.c.e.EhCacheManager - [getCache,169] - Using existing EHCache named [sys-userCache]
00:45:31.591 [restartedMain] INFO  o.a.c.h.Http11NioProtocol - [log,173] - Initializing ProtocolHandler ["http-nio-80"]
00:45:31.592 [restartedMain] INFO  o.a.c.c.StandardService - [log,173] - Starting service [Tomcat]
00:45:31.592 [restartedMain] INFO  o.a.c.c.StandardEngine - [log,173] - Starting Servlet engine: [Apache Tomcat/9.0.41]
00:45:31.672 [restartedMain] INFO  o.a.c.c.C.[.[.[/] - [log,173] - Initializing Spring embedded WebApplicationContext
00:45:31.937 [restartedMain] INFO  o.a.s.c.e.EhCacheManager - [getCache,169] - Using existing EHCache named [sys-dict]
00:45:31.943 [restartedMain] INFO  o.a.s.c.e.EhCacheManager - [getCache,169] - Using existing EHCache named [sys-dict]
00:45:31.949 [restartedMain] INFO  o.a.s.c.e.EhCacheManager - [getCache,169] - Using existing EHCache named [sys-dict]
00:45:31.954 [restartedMain] INFO  o.a.s.c.e.EhCacheManager - [getCache,169] - Using existing EHCache named [sys-dict]
00:45:31.960 [restartedMain] INFO  o.a.s.c.e.EhCacheManager - [getCache,169] - Using existing EHCache named [sys-dict]
00:45:31.965 [restartedMain] INFO  o.a.s.c.e.EhCacheManager - [getCache,169] - Using existing EHCache named [sys-dict]
00:45:31.971 [restartedMain] INFO  o.a.s.c.e.EhCacheManager - [getCache,169] - Using existing EHCache named [sys-dict]
00:45:31.980 [restartedMain] INFO  o.a.s.c.e.EhCacheManager - [getCache,169] - Using existing EHCache named [sys-dict]
00:45:31.987 [restartedMain] INFO  o.a.s.c.e.EhCacheManager - [getCache,169] - Using existing EHCache named [sys-dict]
00:45:31.993 [restartedMain] INFO  o.a.s.c.e.EhCacheManager - [getCache,169] - Using existing EHCache named [sys-dict]
00:45:32.132 [restartedMain] INFO  o.q.i.StdSchedulerFactory - [instantiate,1220] - Using default implementation for ThreadExecutor
00:45:32.147 [restartedMain] INFO  o.q.c.SchedulerSignalerImpl - [<init>,61] - Initialized Scheduler Signaller of type: class org.quartz.core.SchedulerSignalerImpl
00:45:32.148 [restartedMain] INFO  o.q.c.QuartzScheduler - [<init>,229] - Quartz Scheduler v.2.3.2 created.
00:45:32.157 [restartedMain] INFO  o.q.c.QuartzScheduler - [initialize,294] - Scheduler meta-data: Quartz Scheduler (v2.3.2) 'IntelliSmartScheduler' with instanceId 'VXer0NeXcitEd-moRphiNe.local1627663532134'
  Scheduler class: 'org.quartz.core.QuartzScheduler' - running locally.
  NOT STARTED.
  Currently in standby mode.
  Number of jobs executed: 0
  Using thread pool 'org.quartz.simpl.SimpleThreadPool' - with 20 threads.
  Using job-store 'org.springframework.scheduling.quartz.LocalDataSourceJobStore' - which supports persistence. and is clustered.

00:45:32.157 [restartedMain] INFO  o.q.i.StdSchedulerFactory - [instantiate,1374] - Quartz scheduler 'IntelliSmartScheduler' initialized from an externally provided properties instance.
00:45:32.158 [restartedMain] INFO  o.q.i.StdSchedulerFactory - [instantiate,1378] - Quartz scheduler version: 2.3.2
00:45:32.159 [restartedMain] INFO  o.q.c.QuartzScheduler - [setJobFactory,2293] - JobFactory set to: org.springframework.scheduling.quartz.AdaptableJobFactory@5eb48b5b
00:45:33.938 [restartedMain] INFO  o.a.c.h.Http11NioProtocol - [log,173] - Starting ProtocolHandler ["http-nio-80"]
00:45:33.963 [restartedMain] INFO  c.i.IntelliSmartApplication - [logStarted,61] - Started IntelliSmartApplication in 6.395 seconds (JVM running for 7.269)
00:45:34.988 [Quartz Scheduler [IntelliSmartScheduler]] INFO  o.q.c.QuartzScheduler - [start,547] - Scheduler IntelliSmartScheduler_$_VXer0NeXcitEd-moRphiNe.local1627663532134 started.
00:45:54.656 [http-nio-80-exec-1] INFO  o.a.c.c.C.[.[.[/] - [log,173] - Initializing Spring DispatcherServlet 'dispatcherServlet'
00:45:54.693 [http-nio-80-exec-1] INFO  o.a.s.s.m.AbstractValidatingSessionManager - [enableSessionValidation,233] - Enabling session validation scheduler...
00:45:54.703 [http-nio-80-exec-1] INFO  o.a.s.c.e.EhCacheManager - [getCache,169] - Using existing EHCache named [shiro-activeSessionCache]
00:45:55.141 [http-nio-80-exec-2] INFO  o.a.s.c.e.EhCacheManager - [getCache,169] - Using existing EHCache named [sys-config]
00:45:55.697 [schedule-pool-1] INFO  c.i.f.s.w.s.OnlineWebSessionManager - [validateSessions,100] - invalidation sessions...
00:45:55.707 [schedule-pool-1] INFO  c.i.f.s.w.s.OnlineWebSessionManager - [validateSessions,165] - Finished invalidation session. No sessions were stopped.
00:46:15.242 [schedule-pool-2] INFO  sys-user - [run,109] - [127.0.0.1]内网IP[admin][Success][登录成功]
00:46:15.354 [http-nio-80-exec-24] INFO  o.a.s.c.e.EhCacheManager - [getCache,169] - Using existing EHCache named [sys-config]
00:46:15.355 [http-nio-80-exec-24] INFO  o.a.s.c.e.EhCacheManager - [getCache,169] - Using existing EHCache named [sys-config]
00:46:15.355 [http-nio-80-exec-24] INFO  o.a.s.c.e.EhCacheManager - [getCache,169] - Using existing EHCache named [sys-config]
00:46:15.356 [http-nio-80-exec-24] INFO  o.a.s.c.e.EhCacheManager - [getCache,169] - Using existing EHCache named [sys-config]
00:46:15.356 [http-nio-80-exec-24] INFO  o.a.s.c.e.EhCacheManager - [getCache,169] - Using existing EHCache named [sys-config]
00:46:15.357 [http-nio-80-exec-24] INFO  o.a.s.c.e.EhCacheManager - [getCache,169] - Using existing EHCache named [sys-config]
00:46:50.246 [http-nio-80-exec-26] INFO  o.a.s.c.e.EhCacheManager - [getCache,169] - Using existing EHCache named [sys-config]
00:46:50.247 [http-nio-80-exec-26] INFO  o.a.s.c.e.EhCacheManager - [getCache,169] - Using existing EHCache named [sys-config]
00:46:50.248 [http-nio-80-exec-26] INFO  o.a.s.c.e.EhCacheManager - [getCache,169] - Using existing EHCache named [sys-config]
00:46:50.248 [http-nio-80-exec-26] INFO  o.a.s.c.e.EhCacheManager - [getCache,169] - Using existing EHCache named [sys-config]
00:46:50.248 [http-nio-80-exec-26] INFO  o.a.s.c.e.EhCacheManager - [getCache,169] - Using existing EHCache named [sys-config]
00:46:50.248 [http-nio-80-exec-26] INFO  o.a.s.c.e.EhCacheManager - [getCache,169] - Using existing EHCache named [sys-config]
00:47:09.980 [http-nio-80-exec-28] INFO  o.a.s.c.e.EhCacheManager - [getCache,169] - Using existing EHCache named [sys-config]
00:47:09.980 [http-nio-80-exec-28] INFO  o.a.s.c.e.EhCacheManager - [getCache,169] - Using existing EHCache named [sys-config]
00:47:09.981 [http-nio-80-exec-28] INFO  o.a.s.c.e.EhCacheManager - [getCache,169] - Using existing EHCache named [sys-config]
00:47:09.981 [http-nio-80-exec-28] INFO  o.a.s.c.e.EhCacheManager - [getCache,169] - Using existing EHCache named [sys-config]
00:47:09.981 [http-nio-80-exec-28] INFO  o.a.s.c.e.EhCacheManager - [getCache,169] - Using existing EHCache named [sys-config]
00:47:09.981 [http-nio-80-exec-28] INFO  o.a.s.c.e.EhCacheManager - [getCache,169] - Using existing EHCache named [sys-config]
00:47:23.454 [http-nio-80-exec-1] INFO  o.a.s.c.e.EhCacheManager - [getCache,169] - Using existing EHCache named [sys-config]
00:47:23.454 [http-nio-80-exec-1] INFO  o.a.s.c.e.EhCacheManager - [getCache,169] - Using existing EHCache named [sys-config]
00:47:23.454 [http-nio-80-exec-1] INFO  o.a.s.c.e.EhCacheManager - [getCache,169] - Using existing EHCache named [sys-config]
00:47:23.455 [http-nio-80-exec-1] INFO  o.a.s.c.e.EhCacheManager - [getCache,169] - Using existing EHCache named [sys-config]
00:47:23.455 [http-nio-80-exec-1] INFO  o.a.s.c.e.EhCacheManager - [getCache,169] - Using existing EHCache named [sys-config]
00:47:23.456 [http-nio-80-exec-1] INFO  o.a.s.c.e.EhCacheManager - [getCache,169] - Using existing EHCache named [sys-config]
00:47:26.031 [http-nio-80-exec-5] INFO  o.a.s.c.e.EhCacheManager - [getCache,169] - Using existing EHCache named [sys-userCache]
00:47:26.042 [schedule-pool-1] INFO  sys-user - [run,109] - [127.0.0.1]内网IP[admin][Logout][退出成功]
00:47:26.054 [http-nio-80-exec-10] INFO  o.a.s.c.e.EhCacheManager - [getCache,169] - Using existing EHCache named [sys-config]
00:50:23.768 [SpringContextShutdownHook] INFO  o.q.c.QuartzScheduler - [standby,585] - Scheduler IntelliSmartScheduler_$_VXer0NeXcitEd-moRphiNe.local1627663532134 paused.
00:50:23.775 [SpringContextShutdownHook] INFO  o.q.c.QuartzScheduler - [shutdown,666] - Scheduler IntelliSmartScheduler_$_VXer0NeXcitEd-moRphiNe.local1627663532134 shutting down.
00:50:23.775 [SpringContextShutdownHook] INFO  o.q.c.QuartzScheduler - [standby,585] - Scheduler IntelliSmartScheduler_$_VXer0NeXcitEd-moRphiNe.local1627663532134 paused.
00:50:23.776 [SpringContextShutdownHook] INFO  o.q.c.QuartzScheduler - [shutdown,740] - Scheduler IntelliSmartScheduler_$_VXer0NeXcitEd-moRphiNe.local1627663532134 shutdown complete.
00:50:23.777 [SpringContextShutdownHook] INFO  sys-user - [shutdownSpringSessionValidationScheduler,45] - ====关闭会话验证任务====
00:50:23.777 [SpringContextShutdownHook] INFO  sys-user - [shutdownAsyncManager,62] - ====关闭后台任务任务线程池====
00:50:23.778 [SpringContextShutdownHook] INFO  sys-user - [shutdownEhCacheManager,75] - ====关闭缓存====
00:50:23.798 [SpringContextShutdownHook] INFO  c.a.d.p.DruidDataSource - [close,2043] - {dataSource-1} closing ...
00:50:23.803 [SpringContextShutdownHook] INFO  c.a.d.p.DruidDataSource - [close,2116] - {dataSource-1} closed
01:02:11.342 [background-preinit] INFO  o.h.v.i.util.Version - [<clinit>,21] - HV000001: Hibernate Validator 6.0.22.Final
01:02:11.361 [restartedMain] INFO  c.i.IntelliSmartApplication - [logStarting,55] - Starting IntelliSmartApplication on VXer0NeXcitEd-moRphiNe.local with PID 88948 (/Users/kevin/Documents/000-Develop/projects/intellismart/is-admin/target/classes started by kevin in /Users/kevin/Documents/000-Develop/projects/intellismart)
01:02:11.361 [restartedMain] INFO  c.i.IntelliSmartApplication - [logStartupProfileInfo,655] - The following profiles are active: druid
01:02:13.210 [restartedMain] INFO  o.a.s.c.e.EhCacheManager - [getCache,169] - Using existing EHCache named [sys-authCache]
01:02:13.969 [restartedMain] INFO  o.a.s.c.e.EhCacheManager - [getCache,169] - Using existing EHCache named [loginRecordCache]
01:02:14.885 [restartedMain] INFO  c.a.d.p.DruidDataSource - [init,990] - {dataSource-1} inited
01:02:15.034 [restartedMain] INFO  o.a.s.c.e.EhCacheManager - [getCache,169] - Using existing EHCache named [sys-config]
01:02:15.037 [restartedMain] INFO  o.a.s.c.e.EhCacheManager - [getCache,169] - Using existing EHCache named [sys-config]
01:02:15.037 [restartedMain] INFO  o.a.s.c.e.EhCacheManager - [getCache,169] - Using existing EHCache named [sys-config]
01:02:15.038 [restartedMain] INFO  o.a.s.c.e.EhCacheManager - [getCache,169] - Using existing EHCache named [sys-config]
01:02:15.038 [restartedMain] INFO  o.a.s.c.e.EhCacheManager - [getCache,169] - Using existing EHCache named [sys-config]
01:02:15.038 [restartedMain] INFO  o.a.s.c.e.EhCacheManager - [getCache,169] - Using existing EHCache named [sys-config]
01:02:15.039 [restartedMain] INFO  o.a.s.c.e.EhCacheManager - [getCache,169] - Using existing EHCache named [sys-config]
01:02:15.039 [restartedMain] INFO  o.a.s.c.e.EhCacheManager - [getCache,169] - Using existing EHCache named [sys-config]
01:02:15.039 [restartedMain] INFO  o.a.s.c.e.EhCacheManager - [getCache,169] - Using existing EHCache named [sys-config]
01:02:15.160 [restartedMain] INFO  o.a.s.c.e.EhCacheManager - [getCache,169] - Using existing EHCache named [sys-userCache]
01:02:15.533 [restartedMain] INFO  o.a.c.h.Http11NioProtocol - [log,173] - Initializing ProtocolHandler ["http-nio-80"]
01:02:15.533 [restartedMain] INFO  o.a.c.c.StandardService - [log,173] - Starting service [Tomcat]
01:02:15.534 [restartedMain] INFO  o.a.c.c.StandardEngine - [log,173] - Starting Servlet engine: [Apache Tomcat/9.0.41]
01:02:15.614 [restartedMain] INFO  o.a.c.c.C.[.[.[/] - [log,173] - Initializing Spring embedded WebApplicationContext
01:02:15.878 [restartedMain] INFO  o.a.s.c.e.EhCacheManager - [getCache,169] - Using existing EHCache named [sys-dict]
01:02:15.888 [restartedMain] INFO  o.a.s.c.e.EhCacheManager - [getCache,169] - Using existing EHCache named [sys-dict]
01:02:15.894 [restartedMain] INFO  o.a.s.c.e.EhCacheManager - [getCache,169] - Using existing EHCache named [sys-dict]
01:02:15.900 [restartedMain] INFO  o.a.s.c.e.EhCacheManager - [getCache,169] - Using existing EHCache named [sys-dict]
01:02:15.906 [restartedMain] INFO  o.a.s.c.e.EhCacheManager - [getCache,169] - Using existing EHCache named [sys-dict]
01:02:15.911 [restartedMain] INFO  o.a.s.c.e.EhCacheManager - [getCache,169] - Using existing EHCache named [sys-dict]
01:02:15.916 [restartedMain] INFO  o.a.s.c.e.EhCacheManager - [getCache,169] - Using existing EHCache named [sys-dict]
01:02:15.923 [restartedMain] INFO  o.a.s.c.e.EhCacheManager - [getCache,169] - Using existing EHCache named [sys-dict]
01:02:15.931 [restartedMain] INFO  o.a.s.c.e.EhCacheManager - [getCache,169] - Using existing EHCache named [sys-dict]
01:02:15.938 [restartedMain] INFO  o.a.s.c.e.EhCacheManager - [getCache,169] - Using existing EHCache named [sys-dict]
01:02:16.087 [restartedMain] INFO  o.q.i.StdSchedulerFactory - [instantiate,1220] - Using default implementation for ThreadExecutor
01:02:16.105 [restartedMain] INFO  o.q.c.SchedulerSignalerImpl - [<init>,61] - Initialized Scheduler Signaller of type: class org.quartz.core.SchedulerSignalerImpl
01:02:16.105 [restartedMain] INFO  o.q.c.QuartzScheduler - [<init>,229] - Quartz Scheduler v.2.3.2 created.
01:02:16.113 [restartedMain] INFO  o.q.c.QuartzScheduler - [initialize,294] - Scheduler meta-data: Quartz Scheduler (v2.3.2) 'IntelliSmartScheduler' with instanceId 'VXer0NeXcitEd-moRphiNe.local1627664536091'
  Scheduler class: 'org.quartz.core.QuartzScheduler' - running locally.
  NOT STARTED.
  Currently in standby mode.
  Number of jobs executed: 0
  Using thread pool 'org.quartz.simpl.SimpleThreadPool' - with 20 threads.
  Using job-store 'org.springframework.scheduling.quartz.LocalDataSourceJobStore' - which supports persistence. and is clustered.

01:02:16.114 [restartedMain] INFO  o.q.i.StdSchedulerFactory - [instantiate,1374] - Quartz scheduler 'IntelliSmartScheduler' initialized from an externally provided properties instance.
01:02:16.114 [restartedMain] INFO  o.q.i.StdSchedulerFactory - [instantiate,1378] - Quartz scheduler version: 2.3.2
01:02:16.115 [restartedMain] INFO  o.q.c.QuartzScheduler - [setJobFactory,2293] - JobFactory set to: org.springframework.scheduling.quartz.AdaptableJobFactory@44bf629c
01:02:17.901 [restartedMain] INFO  o.a.c.h.Http11NioProtocol - [log,173] - Starting ProtocolHandler ["http-nio-80"]
01:02:17.941 [restartedMain] INFO  c.i.IntelliSmartApplication - [logStarted,61] - Started IntelliSmartApplication in 6.958 seconds (JVM running for 8.057)
01:02:18.958 [Quartz Scheduler [IntelliSmartScheduler]] INFO  o.q.c.QuartzScheduler - [start,547] - Scheduler IntelliSmartScheduler_$_VXer0NeXcitEd-moRphiNe.local1627664536091 started.
01:02:24.678 [http-nio-80-exec-1] INFO  o.a.c.c.C.[.[.[/] - [log,173] - Initializing Spring DispatcherServlet 'dispatcherServlet'
01:02:24.711 [http-nio-80-exec-1] INFO  o.a.s.s.m.AbstractValidatingSessionManager - [enableSessionValidation,233] - Enabling session validation scheduler...
01:02:24.719 [http-nio-80-exec-1] INFO  o.a.s.c.e.EhCacheManager - [getCache,169] - Using existing EHCache named [shiro-activeSessionCache]
01:02:25.085 [http-nio-80-exec-1] INFO  o.a.s.c.e.EhCacheManager - [getCache,169] - Using existing EHCache named [sys-config]
01:02:25.718 [schedule-pool-1] INFO  c.i.f.s.w.s.OnlineWebSessionManager - [validateSessions,100] - invalidation sessions...
01:02:25.731 [schedule-pool-1] INFO  c.i.f.s.w.s.OnlineWebSessionManager - [validateSessions,165] - Finished invalidation session. No sessions were stopped.
01:02:30.458 [schedule-pool-2] INFO  sys-user - [run,109] - [127.0.0.1]内网IP[admin][Success][登录成功]
01:02:30.566 [http-nio-80-exec-22] INFO  o.a.s.c.e.EhCacheManager - [getCache,169] - Using existing EHCache named [sys-config]
01:02:30.566 [http-nio-80-exec-22] INFO  o.a.s.c.e.EhCacheManager - [getCache,169] - Using existing EHCache named [sys-config]
01:02:30.567 [http-nio-80-exec-22] INFO  o.a.s.c.e.EhCacheManager - [getCache,169] - Using existing EHCache named [sys-config]
01:02:30.567 [http-nio-80-exec-22] INFO  o.a.s.c.e.EhCacheManager - [getCache,169] - Using existing EHCache named [sys-config]
01:02:30.567 [http-nio-80-exec-22] INFO  o.a.s.c.e.EhCacheManager - [getCache,169] - Using existing EHCache named [sys-config]
01:02:30.568 [http-nio-80-exec-22] INFO  o.a.s.c.e.EhCacheManager - [getCache,169] - Using existing EHCache named [sys-config]
01:02:35.557 [http-nio-80-exec-23] INFO  o.a.s.c.e.EhCacheManager - [getCache,169] - Using existing EHCache named [sys-dict]
01:02:45.881 [http-nio-80-exec-7] INFO  o.a.s.c.e.EhCacheManager - [getCache,169] - Using existing EHCache named [sys-dict]
01:02:49.246 [http-nio-80-exec-5] INFO  o.a.s.c.e.EhCacheManager - [getCache,169] - Using existing EHCache named [sys-dict]
01:02:49.255 [http-nio-80-exec-5] INFO  o.a.s.c.e.EhCacheManager - [getCache,169] - Using existing EHCache named [sys-dict]
01:02:55.651 [http-nio-80-exec-4] INFO  o.a.s.c.e.EhCacheManager - [getCache,169] - Using existing EHCache named [sys-dict]
01:02:55.658 [http-nio-80-exec-4] INFO  o.a.s.c.e.EhCacheManager - [getCache,169] - Using existing EHCache named [sys-dict]
01:02:57.352 [http-nio-80-exec-26] INFO  o.a.s.c.e.EhCacheManager - [getCache,169] - Using existing EHCache named [sys-dict]
01:02:57.359 [http-nio-80-exec-26] INFO  o.a.s.c.e.EhCacheManager - [getCache,169] - Using existing EHCache named [sys-dict]
01:02:58.873 [http-nio-80-exec-28] INFO  o.a.s.c.e.EhCacheManager - [getCache,169] - Using existing EHCache named [sys-dict]
01:02:58.884 [http-nio-80-exec-28] INFO  o.a.s.c.e.EhCacheManager - [getCache,169] - Using existing EHCache named [sys-dict]
01:03:15.374 [http-nio-80-exec-24] INFO  o.a.s.c.e.EhCacheManager - [getCache,169] - Using existing EHCache named [sys-dict]
01:03:15.380 [http-nio-80-exec-24] INFO  o.a.s.c.e.EhCacheManager - [getCache,169] - Using existing EHCache named [sys-dict]
01:03:29.622 [http-nio-80-exec-29] INFO  o.a.s.c.e.EhCacheManager - [getCache,169] - Using existing EHCache named [sys-dict]
01:03:29.627 [http-nio-80-exec-29] INFO  o.a.s.c.e.EhCacheManager - [getCache,169] - Using existing EHCache named [sys-dict]
01:03:29.628 [http-nio-80-exec-29] INFO  o.a.s.c.e.EhCacheManager - [getCache,169] - Using existing EHCache named [sys-dict]
01:03:31.676 [http-nio-80-exec-18] INFO  o.a.s.c.e.EhCacheManager - [getCache,169] - Using existing EHCache named [sys-dict]
01:03:31.677 [http-nio-80-exec-18] INFO  o.a.s.c.e.EhCacheManager - [getCache,169] - Using existing EHCache named [sys-dict]
01:04:26.795 [http-nio-80-exec-27] INFO  o.a.s.c.e.EhCacheManager - [getCache,169] - Using existing EHCache named [sys-dict]
01:04:26.797 [http-nio-80-exec-27] INFO  o.a.s.c.e.EhCacheManager - [getCache,169] - Using existing EHCache named [sys-dict]
01:04:39.374 [http-nio-80-exec-27] INFO  o.a.s.c.e.EhCacheManager - [getCache,169] - Using existing EHCache named [sys-dict]
01:04:39.378 [http-nio-80-exec-27] INFO  o.a.s.c.e.EhCacheManager - [getCache,169] - Using existing EHCache named [sys-dict]
01:04:39.380 [http-nio-80-exec-27] INFO  o.a.s.c.e.EhCacheManager - [getCache,169] - Using existing EHCache named [sys-dict]
01:04:46.306 [http-nio-80-exec-18] INFO  o.a.s.c.e.EhCacheManager - [getCache,169] - Using existing EHCache named [sys-userCache]
01:04:46.315 [schedule-pool-2] INFO  sys-user - [run,109] - [127.0.0.1]内网IP[admin][Logout][退出成功]
01:04:46.328 [http-nio-80-exec-29] INFO  o.a.s.c.e.EhCacheManager - [getCache,169] - Using existing EHCache named [sys-config]
01:04:50.432 [schedule-pool-3] INFO  sys-user - [run,109] - [127.0.0.1]内网IP[admin][Success][登录成功]
01:04:50.495 [http-nio-80-exec-9] INFO  o.a.s.c.e.EhCacheManager - [getCache,169] - Using existing EHCache named [sys-config]
01:04:50.495 [http-nio-80-exec-9] INFO  o.a.s.c.e.EhCacheManager - [getCache,169] - Using existing EHCache named [sys-config]
01:04:50.495 [http-nio-80-exec-9] INFO  o.a.s.c.e.EhCacheManager - [getCache,169] - Using existing EHCache named [sys-config]
01:04:50.495 [http-nio-80-exec-9] INFO  o.a.s.c.e.EhCacheManager - [getCache,169] - Using existing EHCache named [sys-config]
01:04:50.496 [http-nio-80-exec-9] INFO  o.a.s.c.e.EhCacheManager - [getCache,169] - Using existing EHCache named [sys-config]
01:04:50.496 [http-nio-80-exec-9] INFO  o.a.s.c.e.EhCacheManager - [getCache,169] - Using existing EHCache named [sys-config]
01:05:02.372 [http-nio-80-exec-17] INFO  o.a.s.c.e.EhCacheManager - [getCache,169] - Using existing EHCache named [sys-dict]
01:05:02.378 [http-nio-80-exec-17] INFO  o.a.s.c.e.EhCacheManager - [getCache,169] - Using existing EHCache named [sys-dict]
01:05:02.379 [http-nio-80-exec-17] INFO  o.a.s.c.e.EhCacheManager - [getCache,169] - Using existing EHCache named [sys-dict]
01:05:22.821 [http-nio-80-exec-10] INFO  o.a.s.c.e.EhCacheManager - [getCache,169] - Using existing EHCache named [sys-config]
01:05:22.821 [http-nio-80-exec-10] INFO  o.a.s.c.e.EhCacheManager - [getCache,169] - Using existing EHCache named [sys-config]
01:05:22.821 [http-nio-80-exec-10] INFO  o.a.s.c.e.EhCacheManager - [getCache,169] - Using existing EHCache named [sys-config]
01:05:22.821 [http-nio-80-exec-10] INFO  o.a.s.c.e.EhCacheManager - [getCache,169] - Using existing EHCache named [sys-config]
01:05:22.822 [http-nio-80-exec-10] INFO  o.a.s.c.e.EhCacheManager - [getCache,169] - Using existing EHCache named [sys-config]
01:05:22.822 [http-nio-80-exec-10] INFO  o.a.s.c.e.EhCacheManager - [getCache,169] - Using existing EHCache named [sys-config]
01:05:26.893 [http-nio-80-exec-25] INFO  o.a.s.c.e.EhCacheManager - [getCache,169] - Using existing EHCache named [sys-config]
01:05:26.893 [http-nio-80-exec-25] INFO  o.a.s.c.e.EhCacheManager - [getCache,169] - Using existing EHCache named [sys-config]
01:05:26.893 [http-nio-80-exec-25] INFO  o.a.s.c.e.EhCacheManager - [getCache,169] - Using existing EHCache named [sys-config]
01:05:26.893 [http-nio-80-exec-25] INFO  o.a.s.c.e.EhCacheManager - [getCache,169] - Using existing EHCache named [sys-config]
01:05:26.894 [http-nio-80-exec-25] INFO  o.a.s.c.e.EhCacheManager - [getCache,169] - Using existing EHCache named [sys-config]
01:05:26.894 [http-nio-80-exec-25] INFO  o.a.s.c.e.EhCacheManager - [getCache,169] - Using existing EHCache named [sys-config]
01:05:34.218 [http-nio-80-exec-26] INFO  o.a.s.c.e.EhCacheManager - [getCache,169] - Using existing EHCache named [sys-config]
01:05:34.221 [http-nio-80-exec-26] INFO  o.a.s.c.e.EhCacheManager - [getCache,169] - Using existing EHCache named [sys-config]
01:07:25.579 [SpringContextShutdownHook] INFO  o.q.c.QuartzScheduler - [standby,585] - Scheduler IntelliSmartScheduler_$_VXer0NeXcitEd-moRphiNe.local1627664536091 paused.
01:07:25.589 [SpringContextShutdownHook] INFO  o.q.c.QuartzScheduler - [shutdown,666] - Scheduler IntelliSmartScheduler_$_VXer0NeXcitEd-moRphiNe.local1627664536091 shutting down.
01:07:25.589 [SpringContextShutdownHook] INFO  o.q.c.QuartzScheduler - [standby,585] - Scheduler IntelliSmartScheduler_$_VXer0NeXcitEd-moRphiNe.local1627664536091 paused.
01:07:25.590 [SpringContextShutdownHook] INFO  o.q.c.QuartzScheduler - [shutdown,740] - Scheduler IntelliSmartScheduler_$_VXer0NeXcitEd-moRphiNe.local1627664536091 shutdown complete.
01:07:25.590 [SpringContextShutdownHook] INFO  sys-user - [shutdownSpringSessionValidationScheduler,45] - ====关闭会话验证任务====
01:07:25.592 [SpringContextShutdownHook] INFO  sys-user - [shutdownAsyncManager,62] - ====关闭后台任务任务线程池====
01:07:25.592 [SpringContextShutdownHook] INFO  sys-user - [shutdownEhCacheManager,75] - ====关闭缓存====
01:07:25.614 [SpringContextShutdownHook] INFO  c.a.d.p.DruidDataSource - [close,2043] - {dataSource-1} closing ...
01:07:25.621 [SpringContextShutdownHook] INFO  c.a.d.p.DruidDataSource - [close,2116] - {dataSource-1} closed
10:50:35.038 [background-preinit] INFO  o.h.v.i.util.Version - [<clinit>,21] - HV000001: Hibernate Validator 6.0.22.Final
10:50:35.068 [restartedMain] INFO  c.i.IntelliSmartApplication - [logStarting,55] - Starting IntelliSmartApplication on VXer0NeXcitEd-moRphiNe.local with PID 91025 (/Users/kevin/Documents/000-Develop/projects/intellismart/is-admin/target/classes started by kevin in /Users/kevin/Documents/000-Develop/projects/intellismart)
10:50:35.068 [restartedMain] INFO  c.i.IntelliSmartApplication - [logStartupProfileInfo,655] - The following profiles are active: druid
10:50:37.083 [restartedMain] INFO  o.a.s.c.e.EhCacheManager - [getCache,169] - Using existing EHCache named [sys-authCache]
10:50:37.849 [restartedMain] INFO  o.a.s.c.e.EhCacheManager - [getCache,169] - Using existing EHCache named [loginRecordCache]
10:50:38.863 [restartedMain] INFO  c.a.d.p.DruidDataSource - [init,990] - {dataSource-1} inited
10:50:39.018 [restartedMain] INFO  o.a.s.c.e.EhCacheManager - [getCache,169] - Using existing EHCache named [sys-config]
10:50:39.021 [restartedMain] INFO  o.a.s.c.e.EhCacheManager - [getCache,169] - Using existing EHCache named [sys-config]
10:50:39.022 [restartedMain] INFO  o.a.s.c.e.EhCacheManager - [getCache,169] - Using existing EHCache named [sys-config]
10:50:39.022 [restartedMain] INFO  o.a.s.c.e.EhCacheManager - [getCache,169] - Using existing EHCache named [sys-config]
10:50:39.022 [restartedMain] INFO  o.a.s.c.e.EhCacheManager - [getCache,169] - Using existing EHCache named [sys-config]
10:50:39.023 [restartedMain] INFO  o.a.s.c.e.EhCacheManager - [getCache,169] - Using existing EHCache named [sys-config]
10:50:39.023 [restartedMain] INFO  o.a.s.c.e.EhCacheManager - [getCache,169] - Using existing EHCache named [sys-config]
10:50:39.023 [restartedMain] INFO  o.a.s.c.e.EhCacheManager - [getCache,169] - Using existing EHCache named [sys-config]
10:50:39.023 [restartedMain] INFO  o.a.s.c.e.EhCacheManager - [getCache,169] - Using existing EHCache named [sys-config]
10:50:39.158 [restartedMain] INFO  o.a.s.c.e.EhCacheManager - [getCache,169] - Using existing EHCache named [sys-userCache]
10:50:39.499 [restartedMain] INFO  o.a.c.h.Http11NioProtocol - [log,173] - Initializing ProtocolHandler ["http-nio-80"]
10:50:39.500 [restartedMain] INFO  o.a.c.c.StandardService - [log,173] - Starting service [Tomcat]
10:50:39.500 [restartedMain] INFO  o.a.c.c.StandardEngine - [log,173] - Starting Servlet engine: [Apache Tomcat/9.0.41]
10:50:39.585 [restartedMain] INFO  o.a.c.c.C.[.[.[/] - [log,173] - Initializing Spring embedded WebApplicationContext
10:50:39.853 [restartedMain] INFO  o.a.s.c.e.EhCacheManager - [getCache,169] - Using existing EHCache named [sys-dict]
10:50:39.860 [restartedMain] INFO  o.a.s.c.e.EhCacheManager - [getCache,169] - Using existing EHCache named [sys-dict]
10:50:39.866 [restartedMain] INFO  o.a.s.c.e.EhCacheManager - [getCache,169] - Using existing EHCache named [sys-dict]
10:50:39.873 [restartedMain] INFO  o.a.s.c.e.EhCacheManager - [getCache,169] - Using existing EHCache named [sys-dict]
10:50:39.879 [restartedMain] INFO  o.a.s.c.e.EhCacheManager - [getCache,169] - Using existing EHCache named [sys-dict]
10:50:39.886 [restartedMain] INFO  o.a.s.c.e.EhCacheManager - [getCache,169] - Using existing EHCache named [sys-dict]
10:50:39.892 [restartedMain] INFO  o.a.s.c.e.EhCacheManager - [getCache,169] - Using existing EHCache named [sys-dict]
10:50:39.900 [restartedMain] INFO  o.a.s.c.e.EhCacheManager - [getCache,169] - Using existing EHCache named [sys-dict]
10:50:39.908 [restartedMain] INFO  o.a.s.c.e.EhCacheManager - [getCache,169] - Using existing EHCache named [sys-dict]
10:50:39.914 [restartedMain] INFO  o.a.s.c.e.EhCacheManager - [getCache,169] - Using existing EHCache named [sys-dict]
10:50:40.073 [restartedMain] INFO  o.q.i.StdSchedulerFactory - [instantiate,1220] - Using default implementation for ThreadExecutor
10:50:40.101 [restartedMain] INFO  o.q.c.SchedulerSignalerImpl - [<init>,61] - Initialized Scheduler Signaller of type: class org.quartz.core.SchedulerSignalerImpl
10:50:40.101 [restartedMain] INFO  o.q.c.QuartzScheduler - [<init>,229] - Quartz Scheduler v.2.3.2 created.
10:50:40.110 [restartedMain] INFO  o.q.c.QuartzScheduler - [initialize,294] - Scheduler meta-data: Quartz Scheduler (v2.3.2) 'IntelliSmartScheduler' with instanceId 'VXer0NeXcitEd-moRphiNe.local1627699840085'
  Scheduler class: 'org.quartz.core.QuartzScheduler' - running locally.
  NOT STARTED.
  Currently in standby mode.
  Number of jobs executed: 0
  Using thread pool 'org.quartz.simpl.SimpleThreadPool' - with 20 threads.
  Using job-store 'org.springframework.scheduling.quartz.LocalDataSourceJobStore' - which supports persistence. and is clustered.

10:50:40.111 [restartedMain] INFO  o.q.i.StdSchedulerFactory - [instantiate,1374] - Quartz scheduler 'IntelliSmartScheduler' initialized from an externally provided properties instance.
10:50:40.111 [restartedMain] INFO  o.q.i.StdSchedulerFactory - [instantiate,1378] - Quartz scheduler version: 2.3.2
10:50:40.112 [restartedMain] INFO  o.q.c.QuartzScheduler - [setJobFactory,2293] - JobFactory set to: org.springframework.scheduling.quartz.AdaptableJobFactory@56c90e71
10:50:41.989 [restartedMain] INFO  o.a.c.h.Http11NioProtocol - [log,173] - Starting ProtocolHandler ["http-nio-80"]
10:50:42.021 [restartedMain] INFO  c.i.IntelliSmartApplication - [logStarted,61] - Started IntelliSmartApplication in 7.35 seconds (JVM running for 8.458)
10:50:43.040 [Quartz Scheduler [IntelliSmartScheduler]] INFO  o.q.c.QuartzScheduler - [start,547] - Scheduler IntelliSmartScheduler_$_VXer0NeXcitEd-moRphiNe.local1627699840085 started.
10:50:49.533 [http-nio-80-exec-1] INFO  o.a.c.c.C.[.[.[/] - [log,173] - Initializing Spring DispatcherServlet 'dispatcherServlet'
10:50:49.566 [http-nio-80-exec-1] INFO  o.a.s.s.m.AbstractValidatingSessionManager - [enableSessionValidation,233] - Enabling session validation scheduler...
10:50:49.575 [http-nio-80-exec-1] INFO  o.a.s.c.e.EhCacheManager - [getCache,169] - Using existing EHCache named [shiro-activeSessionCache]
10:50:49.968 [http-nio-80-exec-2] INFO  o.a.s.c.e.EhCacheManager - [getCache,169] - Using existing EHCache named [sys-config]
10:50:50.569 [schedule-pool-1] INFO  c.i.f.s.w.s.OnlineWebSessionManager - [validateSessions,100] - invalidation sessions...
10:50:50.580 [schedule-pool-1] INFO  c.i.f.s.w.s.OnlineWebSessionManager - [validateSessions,165] - Finished invalidation session. No sessions were stopped.
10:51:06.921 [schedule-pool-2] INFO  sys-user - [run,109] - [127.0.0.1]内网IP[admin][Success][登录成功]
10:51:07.022 [http-nio-80-exec-23] INFO  o.a.s.c.e.EhCacheManager - [getCache,169] - Using existing EHCache named [sys-config]
10:51:07.022 [http-nio-80-exec-23] INFO  o.a.s.c.e.EhCacheManager - [getCache,169] - Using existing EHCache named [sys-config]
10:51:07.023 [http-nio-80-exec-23] INFO  o.a.s.c.e.EhCacheManager - [getCache,169] - Using existing EHCache named [sys-config]
10:51:07.023 [http-nio-80-exec-23] INFO  o.a.s.c.e.EhCacheManager - [getCache,169] - Using existing EHCache named [sys-config]
10:51:07.023 [http-nio-80-exec-23] INFO  o.a.s.c.e.EhCacheManager - [getCache,169] - Using existing EHCache named [sys-config]
10:51:07.024 [http-nio-80-exec-23] INFO  o.a.s.c.e.EhCacheManager - [getCache,169] - Using existing EHCache named [sys-config]
10:56:12.996 [SpringContextShutdownHook] INFO  o.q.c.QuartzScheduler - [standby,585] - Scheduler IntelliSmartScheduler_$_VXer0NeXcitEd-moRphiNe.local1627699840085 paused.
10:56:13.022 [SpringContextShutdownHook] INFO  o.q.c.QuartzScheduler - [shutdown,666] - Scheduler IntelliSmartScheduler_$_VXer0NeXcitEd-moRphiNe.local1627699840085 shutting down.
10:56:13.023 [SpringContextShutdownHook] INFO  o.q.c.QuartzScheduler - [standby,585] - Scheduler IntelliSmartScheduler_$_VXer0NeXcitEd-moRphiNe.local1627699840085 paused.
10:56:13.023 [SpringContextShutdownHook] INFO  o.q.c.QuartzScheduler - [shutdown,740] - Scheduler IntelliSmartScheduler_$_VXer0NeXcitEd-moRphiNe.local1627699840085 shutdown complete.
10:56:13.023 [SpringContextShutdownHook] INFO  sys-user - [shutdownSpringSessionValidationScheduler,45] - ====关闭会话验证任务====
10:56:13.025 [SpringContextShutdownHook] INFO  sys-user - [shutdownAsyncManager,62] - ====关闭后台任务任务线程池====
10:56:13.025 [SpringContextShutdownHook] INFO  sys-user - [shutdownEhCacheManager,75] - ====关闭缓存====
10:56:13.042 [SpringContextShutdownHook] INFO  c.a.d.p.DruidDataSource - [close,2043] - {dataSource-1} closing ...
10:56:13.047 [SpringContextShutdownHook] INFO  c.a.d.p.DruidDataSource - [close,2116] - {dataSource-1} closed
11:00:42.102 [background-preinit] INFO  o.h.v.i.util.Version - [<clinit>,21] - HV000001: Hibernate Validator 6.0.22.Final
11:00:42.121 [restartedMain] INFO  c.i.IntelliSmartApplication - [logStarting,55] - Starting IntelliSmartApplication on VXer0NeXcitEd-moRphiNe.local with PID 91138 (/Users/kevin/Documents/000-Develop/projects/intellismart/is-admin/target/classes started by kevin in /Users/kevin/Documents/000-Develop/projects/intellismart)
11:00:42.122 [restartedMain] INFO  c.i.IntelliSmartApplication - [logStartupProfileInfo,655] - The following profiles are active: druid
11:00:43.881 [restartedMain] INFO  o.a.s.c.e.EhCacheManager - [getCache,169] - Using existing EHCache named [sys-authCache]
11:00:44.594 [restartedMain] INFO  o.a.s.c.e.EhCacheManager - [getCache,169] - Using existing EHCache named [loginRecordCache]
11:00:45.414 [restartedMain] INFO  c.a.d.p.DruidDataSource - [init,990] - {dataSource-1} inited
11:00:45.553 [restartedMain] INFO  o.a.s.c.e.EhCacheManager - [getCache,169] - Using existing EHCache named [sys-config]
11:00:45.557 [restartedMain] INFO  o.a.s.c.e.EhCacheManager - [getCache,169] - Using existing EHCache named [sys-config]
11:00:45.557 [restartedMain] INFO  o.a.s.c.e.EhCacheManager - [getCache,169] - Using existing EHCache named [sys-config]
11:00:45.557 [restartedMain] INFO  o.a.s.c.e.EhCacheManager - [getCache,169] - Using existing EHCache named [sys-config]
11:00:45.558 [restartedMain] INFO  o.a.s.c.e.EhCacheManager - [getCache,169] - Using existing EHCache named [sys-config]
11:00:45.558 [restartedMain] INFO  o.a.s.c.e.EhCacheManager - [getCache,169] - Using existing EHCache named [sys-config]
11:00:45.558 [restartedMain] INFO  o.a.s.c.e.EhCacheManager - [getCache,169] - Using existing EHCache named [sys-config]
11:00:45.558 [restartedMain] INFO  o.a.s.c.e.EhCacheManager - [getCache,169] - Using existing EHCache named [sys-config]
11:00:45.559 [restartedMain] INFO  o.a.s.c.e.EhCacheManager - [getCache,169] - Using existing EHCache named [sys-config]
11:00:45.665 [restartedMain] INFO  o.a.s.c.e.EhCacheManager - [getCache,169] - Using existing EHCache named [sys-userCache]
11:00:46.042 [restartedMain] INFO  o.a.c.h.Http11NioProtocol - [log,173] - Initializing ProtocolHandler ["http-nio-80"]
11:00:46.043 [restartedMain] INFO  o.a.c.c.StandardService - [log,173] - Starting service [Tomcat]
11:00:46.043 [restartedMain] INFO  o.a.c.c.StandardEngine - [log,173] - Starting Servlet engine: [Apache Tomcat/9.0.41]
11:00:46.129 [restartedMain] INFO  o.a.c.c.C.[.[.[/] - [log,173] - Initializing Spring embedded WebApplicationContext
11:00:46.398 [restartedMain] INFO  o.a.s.c.e.EhCacheManager - [getCache,169] - Using existing EHCache named [sys-dict]
11:00:46.408 [restartedMain] INFO  o.a.s.c.e.EhCacheManager - [getCache,169] - Using existing EHCache named [sys-dict]
11:00:46.415 [restartedMain] INFO  o.a.s.c.e.EhCacheManager - [getCache,169] - Using existing EHCache named [sys-dict]
11:00:46.422 [restartedMain] INFO  o.a.s.c.e.EhCacheManager - [getCache,169] - Using existing EHCache named [sys-dict]
11:00:46.428 [restartedMain] INFO  o.a.s.c.e.EhCacheManager - [getCache,169] - Using existing EHCache named [sys-dict]
11:00:46.435 [restartedMain] INFO  o.a.s.c.e.EhCacheManager - [getCache,169] - Using existing EHCache named [sys-dict]
11:00:46.443 [restartedMain] INFO  o.a.s.c.e.EhCacheManager - [getCache,169] - Using existing EHCache named [sys-dict]
11:00:46.452 [restartedMain] INFO  o.a.s.c.e.EhCacheManager - [getCache,169] - Using existing EHCache named [sys-dict]
11:00:46.460 [restartedMain] INFO  o.a.s.c.e.EhCacheManager - [getCache,169] - Using existing EHCache named [sys-dict]
11:00:46.466 [restartedMain] INFO  o.a.s.c.e.EhCacheManager - [getCache,169] - Using existing EHCache named [sys-dict]
11:00:46.618 [restartedMain] INFO  o.q.i.StdSchedulerFactory - [instantiate,1220] - Using default implementation for ThreadExecutor
11:00:46.633 [restartedMain] INFO  o.q.c.SchedulerSignalerImpl - [<init>,61] - Initialized Scheduler Signaller of type: class org.quartz.core.SchedulerSignalerImpl
11:00:46.634 [restartedMain] INFO  o.q.c.QuartzScheduler - [<init>,229] - Quartz Scheduler v.2.3.2 created.
11:00:46.642 [restartedMain] INFO  o.q.c.QuartzScheduler - [initialize,294] - Scheduler meta-data: Quartz Scheduler (v2.3.2) 'IntelliSmartScheduler' with instanceId 'VXer0NeXcitEd-moRphiNe.local1627700446622'
  Scheduler class: 'org.quartz.core.QuartzScheduler' - running locally.
  NOT STARTED.
  Currently in standby mode.
  Number of jobs executed: 0
  Using thread pool 'org.quartz.simpl.SimpleThreadPool' - with 20 threads.
  Using job-store 'org.springframework.scheduling.quartz.LocalDataSourceJobStore' - which supports persistence. and is clustered.

11:00:46.642 [restartedMain] INFO  o.q.i.StdSchedulerFactory - [instantiate,1374] - Quartz scheduler 'IntelliSmartScheduler' initialized from an externally provided properties instance.
11:00:46.643 [restartedMain] INFO  o.q.i.StdSchedulerFactory - [instantiate,1378] - Quartz scheduler version: 2.3.2
11:00:46.645 [restartedMain] INFO  o.q.c.QuartzScheduler - [setJobFactory,2293] - JobFactory set to: org.springframework.scheduling.quartz.AdaptableJobFactory@5eb48b5b
11:00:48.510 [restartedMain] INFO  o.a.c.h.Http11NioProtocol - [log,173] - Starting ProtocolHandler ["http-nio-80"]
11:00:48.534 [restartedMain] INFO  c.i.IntelliSmartApplication - [logStarted,61] - Started IntelliSmartApplication in 6.773 seconds (JVM running for 7.752)
11:00:49.561 [Quartz Scheduler [IntelliSmartScheduler]] INFO  o.q.c.QuartzScheduler - [start,547] - Scheduler IntelliSmartScheduler_$_VXer0NeXcitEd-moRphiNe.local1627700446622 started.
11:00:57.529 [http-nio-80-exec-1] INFO  o.a.c.c.C.[.[.[/] - [log,173] - Initializing Spring DispatcherServlet 'dispatcherServlet'
11:00:57.557 [http-nio-80-exec-1] INFO  o.a.s.s.m.AbstractValidatingSessionManager - [enableSessionValidation,233] - Enabling session validation scheduler...
11:00:57.568 [http-nio-80-exec-1] INFO  o.a.s.c.e.EhCacheManager - [getCache,169] - Using existing EHCache named [shiro-activeSessionCache]
11:00:57.980 [http-nio-80-exec-2] INFO  o.a.s.c.e.EhCacheManager - [getCache,169] - Using existing EHCache named [sys-config]
11:00:58.564 [schedule-pool-1] INFO  c.i.f.s.w.s.OnlineWebSessionManager - [validateSessions,100] - invalidation sessions...
11:00:58.574 [schedule-pool-1] INFO  c.i.f.s.w.s.OnlineWebSessionManager - [validateSessions,165] - Finished invalidation session. No sessions were stopped.
11:01:02.793 [schedule-pool-2] INFO  sys-user - [run,109] - [127.0.0.1]内网IP[admin][Success][登录成功]
11:01:02.890 [http-nio-80-exec-23] INFO  o.a.s.c.e.EhCacheManager - [getCache,169] - Using existing EHCache named [sys-config]
11:01:02.891 [http-nio-80-exec-23] INFO  o.a.s.c.e.EhCacheManager - [getCache,169] - Using existing EHCache named [sys-config]
11:01:02.891 [http-nio-80-exec-23] INFO  o.a.s.c.e.EhCacheManager - [getCache,169] - Using existing EHCache named [sys-config]
11:01:02.891 [http-nio-80-exec-23] INFO  o.a.s.c.e.EhCacheManager - [getCache,169] - Using existing EHCache named [sys-config]
11:01:02.892 [http-nio-80-exec-23] INFO  o.a.s.c.e.EhCacheManager - [getCache,169] - Using existing EHCache named [sys-config]
11:01:02.892 [http-nio-80-exec-23] INFO  o.a.s.c.e.EhCacheManager - [getCache,169] - Using existing EHCache named [sys-config]
11:01:32.398 [http-nio-80-exec-24] INFO  o.a.s.c.e.EhCacheManager - [getCache,169] - Using existing EHCache named [sys-dict]
11:01:34.970 [http-nio-80-exec-30] INFO  o.a.s.c.e.EhCacheManager - [getCache,169] - Using existing EHCache named [sys-dict]
11:03:49.979 [SpringContextShutdownHook] INFO  o.q.c.QuartzScheduler - [standby,585] - Scheduler IntelliSmartScheduler_$_VXer0NeXcitEd-moRphiNe.local1627700446622 paused.
11:03:49.985 [SpringContextShutdownHook] INFO  o.q.c.QuartzScheduler - [shutdown,666] - Scheduler IntelliSmartScheduler_$_VXer0NeXcitEd-moRphiNe.local1627700446622 shutting down.
11:03:49.985 [SpringContextShutdownHook] INFO  o.q.c.QuartzScheduler - [standby,585] - Scheduler IntelliSmartScheduler_$_VXer0NeXcitEd-moRphiNe.local1627700446622 paused.
11:03:49.986 [SpringContextShutdownHook] INFO  o.q.c.QuartzScheduler - [shutdown,740] - Scheduler IntelliSmartScheduler_$_VXer0NeXcitEd-moRphiNe.local1627700446622 shutdown complete.
11:03:49.986 [SpringContextShutdownHook] INFO  sys-user - [shutdownSpringSessionValidationScheduler,45] - ====关闭会话验证任务====
11:03:49.987 [SpringContextShutdownHook] INFO  sys-user - [shutdownAsyncManager,62] - ====关闭后台任务任务线程池====
11:03:49.987 [SpringContextShutdownHook] INFO  sys-user - [shutdownEhCacheManager,75] - ====关闭缓存====
11:03:50.005 [SpringContextShutdownHook] INFO  c.a.d.p.DruidDataSource - [close,2043] - {dataSource-1} closing ...
11:03:50.008 [SpringContextShutdownHook] INFO  c.a.d.p.DruidDataSource - [close,2116] - {dataSource-1} closed
11:04:21.798 [background-preinit] INFO  o.h.v.i.util.Version - [<clinit>,21] - HV000001: Hibernate Validator 6.0.22.Final
11:04:21.812 [restartedMain] INFO  c.i.IntelliSmartApplication - [logStarting,55] - Starting IntelliSmartApplication on VXer0NeXcitEd-moRphiNe.local with PID 91185 (/Users/kevin/Documents/000-Develop/projects/intellismart/is-admin/target/classes started by kevin in /Users/kevin/Documents/000-Develop/projects/intellismart)
11:04:21.812 [restartedMain] INFO  c.i.IntelliSmartApplication - [logStartupProfileInfo,655] - The following profiles are active: druid
11:04:23.077 [restartedMain] INFO  o.a.s.c.e.EhCacheManager - [getCache,169] - Using existing EHCache named [sys-authCache]
11:04:23.819 [restartedMain] INFO  o.a.s.c.e.EhCacheManager - [getCache,169] - Using existing EHCache named [loginRecordCache]
11:04:24.555 [restartedMain] INFO  c.a.d.p.DruidDataSource - [init,990] - {dataSource-1} inited
11:04:24.673 [restartedMain] INFO  o.a.s.c.e.EhCacheManager - [getCache,169] - Using existing EHCache named [sys-config]
11:04:24.676 [restartedMain] INFO  o.a.s.c.e.EhCacheManager - [getCache,169] - Using existing EHCache named [sys-config]
11:04:24.676 [restartedMain] INFO  o.a.s.c.e.EhCacheManager - [getCache,169] - Using existing EHCache named [sys-config]
11:04:24.677 [restartedMain] INFO  o.a.s.c.e.EhCacheManager - [getCache,169] - Using existing EHCache named [sys-config]
11:04:24.677 [restartedMain] INFO  o.a.s.c.e.EhCacheManager - [getCache,169] - Using existing EHCache named [sys-config]
11:04:24.677 [restartedMain] INFO  o.a.s.c.e.EhCacheManager - [getCache,169] - Using existing EHCache named [sys-config]
11:04:24.678 [restartedMain] INFO  o.a.s.c.e.EhCacheManager - [getCache,169] - Using existing EHCache named [sys-config]
11:04:24.678 [restartedMain] INFO  o.a.s.c.e.EhCacheManager - [getCache,169] - Using existing EHCache named [sys-config]
11:04:24.678 [restartedMain] INFO  o.a.s.c.e.EhCacheManager - [getCache,169] - Using existing EHCache named [sys-config]
11:04:24.793 [restartedMain] INFO  o.a.s.c.e.EhCacheManager - [getCache,169] - Using existing EHCache named [sys-userCache]
11:04:25.105 [restartedMain] INFO  o.a.c.h.Http11NioProtocol - [log,173] - Initializing ProtocolHandler ["http-nio-80"]
11:04:25.106 [restartedMain] INFO  o.a.c.c.StandardService - [log,173] - Starting service [Tomcat]
11:04:25.106 [restartedMain] INFO  o.a.c.c.StandardEngine - [log,173] - Starting Servlet engine: [Apache Tomcat/9.0.41]
11:04:25.172 [restartedMain] INFO  o.a.c.c.C.[.[.[/] - [log,173] - Initializing Spring embedded WebApplicationContext
11:04:25.416 [restartedMain] INFO  o.a.s.c.e.EhCacheManager - [getCache,169] - Using existing EHCache named [sys-dict]
11:04:25.422 [restartedMain] INFO  o.a.s.c.e.EhCacheManager - [getCache,169] - Using existing EHCache named [sys-dict]
11:04:25.428 [restartedMain] INFO  o.a.s.c.e.EhCacheManager - [getCache,169] - Using existing EHCache named [sys-dict]
11:04:25.435 [restartedMain] INFO  o.a.s.c.e.EhCacheManager - [getCache,169] - Using existing EHCache named [sys-dict]
11:04:25.441 [restartedMain] INFO  o.a.s.c.e.EhCacheManager - [getCache,169] - Using existing EHCache named [sys-dict]
11:04:25.451 [restartedMain] INFO  o.a.s.c.e.EhCacheManager - [getCache,169] - Using existing EHCache named [sys-dict]
11:04:25.457 [restartedMain] INFO  o.a.s.c.e.EhCacheManager - [getCache,169] - Using existing EHCache named [sys-dict]
11:04:25.465 [restartedMain] INFO  o.a.s.c.e.EhCacheManager - [getCache,169] - Using existing EHCache named [sys-dict]
11:04:25.473 [restartedMain] INFO  o.a.s.c.e.EhCacheManager - [getCache,169] - Using existing EHCache named [sys-dict]
11:04:25.479 [restartedMain] INFO  o.a.s.c.e.EhCacheManager - [getCache,169] - Using existing EHCache named [sys-dict]
11:04:25.622 [restartedMain] INFO  o.q.i.StdSchedulerFactory - [instantiate,1220] - Using default implementation for ThreadExecutor
11:04:25.634 [restartedMain] INFO  o.q.c.SchedulerSignalerImpl - [<init>,61] - Initialized Scheduler Signaller of type: class org.quartz.core.SchedulerSignalerImpl
11:04:25.634 [restartedMain] INFO  o.q.c.QuartzScheduler - [<init>,229] - Quartz Scheduler v.2.3.2 created.
11:04:25.642 [restartedMain] INFO  o.q.c.QuartzScheduler - [initialize,294] - Scheduler meta-data: Quartz Scheduler (v2.3.2) 'IntelliSmartScheduler' with instanceId 'VXer0NeXcitEd-moRphiNe.local1627700665623'
  Scheduler class: 'org.quartz.core.QuartzScheduler' - running locally.
  NOT STARTED.
  Currently in standby mode.
  Number of jobs executed: 0
  Using thread pool 'org.quartz.simpl.SimpleThreadPool' - with 20 threads.
  Using job-store 'org.springframework.scheduling.quartz.LocalDataSourceJobStore' - which supports persistence. and is clustered.

11:04:25.642 [restartedMain] INFO  o.q.i.StdSchedulerFactory - [instantiate,1374] - Quartz scheduler 'IntelliSmartScheduler' initialized from an externally provided properties instance.
11:04:25.643 [restartedMain] INFO  o.q.i.StdSchedulerFactory - [instantiate,1378] - Quartz scheduler version: 2.3.2
11:04:25.645 [restartedMain] INFO  o.q.c.QuartzScheduler - [setJobFactory,2293] - JobFactory set to: org.springframework.scheduling.quartz.AdaptableJobFactory@5a69f707
11:04:27.430 [restartedMain] INFO  o.a.c.h.Http11NioProtocol - [log,173] - Starting ProtocolHandler ["http-nio-80"]
11:04:27.452 [restartedMain] INFO  c.i.IntelliSmartApplication - [logStarted,61] - Started IntelliSmartApplication in 5.957 seconds (JVM running for 7.081)
11:04:28.498 [Quartz Scheduler [IntelliSmartScheduler]] INFO  o.q.c.QuartzScheduler - [start,547] - Scheduler IntelliSmartScheduler_$_VXer0NeXcitEd-moRphiNe.local1627700665623 started.
11:04:31.533 [http-nio-80-exec-1] INFO  o.a.c.c.C.[.[.[/] - [log,173] - Initializing Spring DispatcherServlet 'dispatcherServlet'
11:04:31.556 [http-nio-80-exec-1] INFO  o.a.s.s.m.AbstractValidatingSessionManager - [enableSessionValidation,233] - Enabling session validation scheduler...
11:04:31.560 [http-nio-80-exec-1] INFO  o.a.s.c.e.EhCacheManager - [getCache,169] - Using existing EHCache named [shiro-activeSessionCache]
11:04:31.946 [http-nio-80-exec-2] INFO  o.a.s.c.e.EhCacheManager - [getCache,169] - Using existing EHCache named [sys-config]
11:04:32.562 [schedule-pool-1] INFO  c.i.f.s.w.s.OnlineWebSessionManager - [validateSessions,100] - invalidation sessions...
11:04:32.569 [schedule-pool-1] INFO  c.i.f.s.w.s.OnlineWebSessionManager - [validateSessions,165] - Finished invalidation session. No sessions were stopped.
11:04:37.483 [schedule-pool-2] INFO  sys-user - [run,109] - [127.0.0.1]内网IP[admin][Success][登录成功]
11:04:37.567 [http-nio-80-exec-23] INFO  o.a.s.c.e.EhCacheManager - [getCache,169] - Using existing EHCache named [sys-config]
11:04:37.567 [http-nio-80-exec-23] INFO  o.a.s.c.e.EhCacheManager - [getCache,169] - Using existing EHCache named [sys-config]
11:04:37.567 [http-nio-80-exec-23] INFO  o.a.s.c.e.EhCacheManager - [getCache,169] - Using existing EHCache named [sys-config]
11:04:37.568 [http-nio-80-exec-23] INFO  o.a.s.c.e.EhCacheManager - [getCache,169] - Using existing EHCache named [sys-config]
11:04:37.568 [http-nio-80-exec-23] INFO  o.a.s.c.e.EhCacheManager - [getCache,169] - Using existing EHCache named [sys-config]
11:04:37.568 [http-nio-80-exec-23] INFO  o.a.s.c.e.EhCacheManager - [getCache,169] - Using existing EHCache named [sys-config]
11:04:43.251 [http-nio-80-exec-24] INFO  o.a.s.c.e.EhCacheManager - [getCache,169] - Using existing EHCache named [sys-dict]
11:04:43.269 [http-nio-80-exec-24] INFO  o.a.s.c.e.EhCacheManager - [getCache,169] - Using existing EHCache named [sys-dict]
11:04:48.241 [http-nio-80-exec-17] INFO  o.a.s.c.e.EhCacheManager - [getCache,169] - Using existing EHCache named [sys-dict]
11:04:57.844 [http-nio-80-exec-21] INFO  o.a.s.c.e.EhCacheManager - [getCache,169] - Using existing EHCache named [sys-dict]
11:05:03.850 [http-nio-80-exec-18] INFO  o.a.s.c.e.EhCacheManager - [getCache,169] - Using existing EHCache named [sys-dict]
11:05:27.320 [http-nio-80-exec-18] INFO  o.a.s.c.e.EhCacheManager - [getCache,169] - Using existing EHCache named [sys-config]
11:05:27.321 [http-nio-80-exec-18] INFO  o.a.s.c.e.EhCacheManager - [getCache,169] - Using existing EHCache named [sys-config]
11:05:27.321 [http-nio-80-exec-18] INFO  o.a.s.c.e.EhCacheManager - [getCache,169] - Using existing EHCache named [sys-config]
11:05:27.321 [http-nio-80-exec-18] INFO  o.a.s.c.e.EhCacheManager - [getCache,169] - Using existing EHCache named [sys-config]
11:05:27.321 [http-nio-80-exec-18] INFO  o.a.s.c.e.EhCacheManager - [getCache,169] - Using existing EHCache named [sys-config]
11:05:27.321 [http-nio-80-exec-18] INFO  o.a.s.c.e.EhCacheManager - [getCache,169] - Using existing EHCache named [sys-config]
11:05:56.177 [http-nio-80-exec-26] INFO  o.a.s.c.e.EhCacheManager - [getCache,169] - Using existing EHCache named [sys-dict]
11:14:32.515 [schedule-pool-4] INFO  c.i.f.s.w.s.OnlineWebSessionManager - [validateSessions,100] - invalidation sessions...
11:14:32.520 [schedule-pool-4] INFO  c.i.f.s.w.s.OnlineWebSessionManager - [validateSessions,165] - Finished invalidation session. No sessions were stopped.
11:17:49.393 [SpringContextShutdownHook] INFO  o.q.c.QuartzScheduler - [standby,585] - Scheduler IntelliSmartScheduler_$_VXer0NeXcitEd-moRphiNe.local1627700665623 paused.
11:17:49.401 [SpringContextShutdownHook] INFO  o.q.c.QuartzScheduler - [shutdown,666] - Scheduler IntelliSmartScheduler_$_VXer0NeXcitEd-moRphiNe.local1627700665623 shutting down.
11:17:49.401 [SpringContextShutdownHook] INFO  o.q.c.QuartzScheduler - [standby,585] - Scheduler IntelliSmartScheduler_$_VXer0NeXcitEd-moRphiNe.local1627700665623 paused.
11:17:49.402 [SpringContextShutdownHook] INFO  o.q.c.QuartzScheduler - [shutdown,740] - Scheduler IntelliSmartScheduler_$_VXer0NeXcitEd-moRphiNe.local1627700665623 shutdown complete.
11:17:49.403 [SpringContextShutdownHook] INFO  sys-user - [shutdownSpringSessionValidationScheduler,45] - ====关闭会话验证任务====
11:17:49.404 [SpringContextShutdownHook] INFO  sys-user - [shutdownAsyncManager,62] - ====关闭后台任务任务线程池====
11:17:49.404 [SpringContextShutdownHook] INFO  sys-user - [shutdownEhCacheManager,75] - ====关闭缓存====
11:17:49.420 [SpringContextShutdownHook] INFO  c.a.d.p.DruidDataSource - [close,2043] - {dataSource-1} closing ...
11:17:49.426 [SpringContextShutdownHook] INFO  c.a.d.p.DruidDataSource - [close,2116] - {dataSource-1} closed
11:17:55.554 [background-preinit] INFO  o.h.v.i.util.Version - [<clinit>,21] - HV000001: Hibernate Validator 6.0.22.Final
11:17:55.593 [restartedMain] INFO  c.i.IntelliSmartApplication - [logStarting,55] - Starting IntelliSmartApplication on VXer0NeXcitEd-moRphiNe.local with PID 91344 (/Users/kevin/Documents/000-Develop/projects/intellismart/is-admin/target/classes started by kevin in /Users/kevin/Documents/000-Develop/projects/intellismart)
11:17:55.593 [restartedMain] INFO  c.i.IntelliSmartApplication - [logStartupProfileInfo,655] - The following profiles are active: druid
11:17:57.772 [restartedMain] INFO  o.a.s.c.e.EhCacheManager - [getCache,169] - Using existing EHCache named [sys-authCache]
11:17:58.561 [restartedMain] INFO  o.a.s.c.e.EhCacheManager - [getCache,169] - Using existing EHCache named [loginRecordCache]
11:17:59.502 [restartedMain] INFO  c.a.d.p.DruidDataSource - [init,990] - {dataSource-1} inited
11:17:59.646 [restartedMain] INFO  o.a.s.c.e.EhCacheManager - [getCache,169] - Using existing EHCache named [sys-config]
11:17:59.650 [restartedMain] INFO  o.a.s.c.e.EhCacheManager - [getCache,169] - Using existing EHCache named [sys-config]
11:17:59.651 [restartedMain] INFO  o.a.s.c.e.EhCacheManager - [getCache,169] - Using existing EHCache named [sys-config]
11:17:59.651 [restartedMain] INFO  o.a.s.c.e.EhCacheManager - [getCache,169] - Using existing EHCache named [sys-config]
11:17:59.651 [restartedMain] INFO  o.a.s.c.e.EhCacheManager - [getCache,169] - Using existing EHCache named [sys-config]
11:17:59.651 [restartedMain] INFO  o.a.s.c.e.EhCacheManager - [getCache,169] - Using existing EHCache named [sys-config]
11:17:59.652 [restartedMain] INFO  o.a.s.c.e.EhCacheManager - [getCache,169] - Using existing EHCache named [sys-config]
11:17:59.652 [restartedMain] INFO  o.a.s.c.e.EhCacheManager - [getCache,169] - Using existing EHCache named [sys-config]
11:17:59.652 [restartedMain] INFO  o.a.s.c.e.EhCacheManager - [getCache,169] - Using existing EHCache named [sys-config]
11:17:59.773 [restartedMain] INFO  o.a.s.c.e.EhCacheManager - [getCache,169] - Using existing EHCache named [sys-userCache]
11:18:00.139 [restartedMain] INFO  o.a.c.h.Http11NioProtocol - [log,173] - Initializing ProtocolHandler ["http-nio-80"]
11:18:00.140 [restartedMain] INFO  o.a.c.c.StandardService - [log,173] - Starting service [Tomcat]
11:18:00.140 [restartedMain] INFO  o.a.c.c.StandardEngine - [log,173] - Starting Servlet engine: [Apache Tomcat/9.0.41]
11:18:00.228 [restartedMain] INFO  o.a.c.c.C.[.[.[/] - [log,173] - Initializing Spring embedded WebApplicationContext
11:18:00.514 [restartedMain] INFO  o.a.s.c.e.EhCacheManager - [getCache,169] - Using existing EHCache named [sys-dict]
11:18:00.526 [restartedMain] INFO  o.a.s.c.e.EhCacheManager - [getCache,169] - Using existing EHCache named [sys-dict]
11:18:00.533 [restartedMain] INFO  o.a.s.c.e.EhCacheManager - [getCache,169] - Using existing EHCache named [sys-dict]
11:18:00.540 [restartedMain] INFO  o.a.s.c.e.EhCacheManager - [getCache,169] - Using existing EHCache named [sys-dict]
11:18:00.547 [restartedMain] INFO  o.a.s.c.e.EhCacheManager - [getCache,169] - Using existing EHCache named [sys-dict]
11:18:00.553 [restartedMain] INFO  o.a.s.c.e.EhCacheManager - [getCache,169] - Using existing EHCache named [sys-dict]
11:18:00.559 [restartedMain] INFO  o.a.s.c.e.EhCacheManager - [getCache,169] - Using existing EHCache named [sys-dict]
11:18:00.565 [restartedMain] INFO  o.a.s.c.e.EhCacheManager - [getCache,169] - Using existing EHCache named [sys-dict]
11:18:00.573 [restartedMain] INFO  o.a.s.c.e.EhCacheManager - [getCache,169] - Using existing EHCache named [sys-dict]
11:18:00.580 [restartedMain] INFO  o.a.s.c.e.EhCacheManager - [getCache,169] - Using existing EHCache named [sys-dict]
11:18:00.747 [restartedMain] INFO  o.q.i.StdSchedulerFactory - [instantiate,1220] - Using default implementation for ThreadExecutor
11:18:00.760 [restartedMain] INFO  o.q.c.SchedulerSignalerImpl - [<init>,61] - Initialized Scheduler Signaller of type: class org.quartz.core.SchedulerSignalerImpl
11:18:00.761 [restartedMain] INFO  o.q.c.QuartzScheduler - [<init>,229] - Quartz Scheduler v.2.3.2 created.
11:18:00.770 [restartedMain] INFO  o.q.c.QuartzScheduler - [initialize,294] - Scheduler meta-data: Quartz Scheduler (v2.3.2) 'IntelliSmartScheduler' with instanceId 'VXer0NeXcitEd-moRphiNe.local1627701480750'
  Scheduler class: 'org.quartz.core.QuartzScheduler' - running locally.
  NOT STARTED.
  Currently in standby mode.
  Number of jobs executed: 0
  Using thread pool 'org.quartz.simpl.SimpleThreadPool' - with 20 threads.
  Using job-store 'org.springframework.scheduling.quartz.LocalDataSourceJobStore' - which supports persistence. and is clustered.

11:18:00.771 [restartedMain] INFO  o.q.i.StdSchedulerFactory - [instantiate,1374] - Quartz scheduler 'IntelliSmartScheduler' initialized from an externally provided properties instance.
11:18:00.771 [restartedMain] INFO  o.q.i.StdSchedulerFactory - [instantiate,1378] - Quartz scheduler version: 2.3.2
11:18:00.773 [restartedMain] INFO  o.q.c.QuartzScheduler - [setJobFactory,2293] - JobFactory set to: org.springframework.scheduling.quartz.AdaptableJobFactory@669dcb1a
11:18:02.653 [restartedMain] INFO  o.a.c.h.Http11NioProtocol - [log,173] - Starting ProtocolHandler ["http-nio-80"]
11:18:02.687 [restartedMain] INFO  c.i.IntelliSmartApplication - [logStarted,61] - Started IntelliSmartApplication in 7.528 seconds (JVM running for 8.587)
11:18:03.695 [Quartz Scheduler [IntelliSmartScheduler]] INFO  o.q.c.QuartzScheduler - [start,547] - Scheduler IntelliSmartScheduler_$_VXer0NeXcitEd-moRphiNe.local1627701480750 started.
15:06:13.108 [SpringContextShutdownHook] INFO  o.q.c.QuartzScheduler - [standby,585] - Scheduler IntelliSmartScheduler_$_VXer0NeXcitEd-moRphiNe.local1627701480750 paused.
15:06:13.115 [SpringContextShutdownHook] INFO  o.q.c.QuartzScheduler - [shutdown,666] - Scheduler IntelliSmartScheduler_$_VXer0NeXcitEd-moRphiNe.local1627701480750 shutting down.
15:06:13.116 [SpringContextShutdownHook] INFO  o.q.c.QuartzScheduler - [standby,585] - Scheduler IntelliSmartScheduler_$_VXer0NeXcitEd-moRphiNe.local1627701480750 paused.
15:06:13.117 [SpringContextShutdownHook] INFO  o.q.c.QuartzScheduler - [shutdown,740] - Scheduler IntelliSmartScheduler_$_VXer0NeXcitEd-moRphiNe.local1627701480750 shutdown complete.
15:06:13.117 [SpringContextShutdownHook] INFO  sys-user - [shutdownAsyncManager,62] - ====关闭后台任务任务线程池====
15:06:13.121 [SpringContextShutdownHook] INFO  sys-user - [shutdownEhCacheManager,75] - ====关闭缓存====
15:06:13.144 [SpringContextShutdownHook] INFO  c.a.d.p.DruidDataSource - [close,2043] - {dataSource-1} closing ...
15:06:13.148 [SpringContextShutdownHook] INFO  c.a.d.p.DruidDataSource - [close,2116] - {dataSource-1} closed
18:02:47.331 [background-preinit] INFO  o.h.v.i.util.Version - [<clinit>,21] - HV000001: Hibernate Validator 6.0.22.Final
18:02:47.354 [restartedMain] INFO  c.i.IntelliSmartApplication - [logStarting,55] - Starting IntelliSmartApplication on VXer0NeXcitEd-moRphiNe.local with PID 2880 (/Users/kevin/Documents/000-Develop/projects/intellismart/is-admin/target/classes started by kevin in /Users/kevin/Documents/000-Develop/projects/intellismart)
18:02:47.355 [restartedMain] INFO  c.i.IntelliSmartApplication - [logStartupProfileInfo,655] - The following profiles are active: druid
18:02:49.276 [restartedMain] INFO  o.a.s.c.e.EhCacheManager - [getCache,169] - Using existing EHCache named [sys-authCache]
18:02:50.030 [restartedMain] INFO  o.a.s.c.e.EhCacheManager - [getCache,169] - Using existing EHCache named [loginRecordCache]
18:02:50.200 [restartedMain] INFO  c.a.d.p.DruidDataSource - [init,990] - {dataSource-1} inited
18:02:50.204 [Druid-ConnectionPool-Create-1762680619] INFO  c.a.d.p.DruidAbstractDataSource - [setFailContinuous,1804] - {dataSource-1} failContinuous is true
18:02:50.207 [restartedMain] INFO  c.a.d.p.DruidDataSource - [close,2043] - {dataSource-1} closing ...
18:02:50.208 [restartedMain] INFO  c.a.d.p.DruidDataSource - [close,2116] - {dataSource-1} closed
18:04:44.627 [background-preinit] INFO  o.h.v.i.util.Version - [<clinit>,21] - HV000001: Hibernate Validator 6.0.22.Final
18:04:44.649 [restartedMain] INFO  c.i.IntelliSmartApplication - [logStarting,55] - Starting IntelliSmartApplication on VXer0NeXcitEd-moRphiNe.local with PID 2945 (/Users/kevin/Documents/000-Develop/projects/intellismart/is-admin/target/classes started by kevin in /Users/kevin/Documents/000-Develop/projects/intellismart)
18:04:44.650 [restartedMain] INFO  c.i.IntelliSmartApplication - [logStartupProfileInfo,655] - The following profiles are active: druid
18:04:46.387 [restartedMain] INFO  o.a.s.c.e.EhCacheManager - [getCache,169] - Using existing EHCache named [sys-authCache]
18:04:47.053 [restartedMain] INFO  o.a.s.c.e.EhCacheManager - [getCache,169] - Using existing EHCache named [loginRecordCache]
18:04:47.995 [restartedMain] INFO  c.a.d.p.DruidDataSource - [init,990] - {dataSource-1} inited
18:04:48.145 [restartedMain] INFO  o.a.s.c.e.EhCacheManager - [getCache,169] - Using existing EHCache named [sys-config]
18:04:48.148 [restartedMain] INFO  o.a.s.c.e.EhCacheManager - [getCache,169] - Using existing EHCache named [sys-config]
18:04:48.149 [restartedMain] INFO  o.a.s.c.e.EhCacheManager - [getCache,169] - Using existing EHCache named [sys-config]
18:04:48.149 [restartedMain] INFO  o.a.s.c.e.EhCacheManager - [getCache,169] - Using existing EHCache named [sys-config]
18:04:48.149 [restartedMain] INFO  o.a.s.c.e.EhCacheManager - [getCache,169] - Using existing EHCache named [sys-config]
18:04:48.150 [restartedMain] INFO  o.a.s.c.e.EhCacheManager - [getCache,169] - Using existing EHCache named [sys-config]
18:04:48.150 [restartedMain] INFO  o.a.s.c.e.EhCacheManager - [getCache,169] - Using existing EHCache named [sys-config]
18:04:48.150 [restartedMain] INFO  o.a.s.c.e.EhCacheManager - [getCache,169] - Using existing EHCache named [sys-config]
18:04:48.150 [restartedMain] INFO  o.a.s.c.e.EhCacheManager - [getCache,169] - Using existing EHCache named [sys-config]
18:04:48.269 [restartedMain] INFO  o.a.s.c.e.EhCacheManager - [getCache,169] - Using existing EHCache named [sys-userCache]
18:04:48.644 [restartedMain] INFO  o.a.c.h.Http11NioProtocol - [log,173] - Initializing ProtocolHandler ["http-nio-80"]
18:04:48.645 [restartedMain] INFO  o.a.c.c.StandardService - [log,173] - Starting service [Tomcat]
18:04:48.645 [restartedMain] INFO  o.a.c.c.StandardEngine - [log,173] - Starting Servlet engine: [Apache Tomcat/9.0.41]
18:04:48.724 [restartedMain] INFO  o.a.c.c.C.[.[.[/] - [log,173] - Initializing Spring embedded WebApplicationContext
18:04:48.997 [restartedMain] INFO  o.a.s.c.e.EhCacheManager - [getCache,169] - Using existing EHCache named [sys-dict]
18:04:49.002 [restartedMain] INFO  o.a.s.c.e.EhCacheManager - [getCache,169] - Using existing EHCache named [sys-dict]
18:04:49.008 [restartedMain] INFO  o.a.s.c.e.EhCacheManager - [getCache,169] - Using existing EHCache named [sys-dict]
18:04:49.013 [restartedMain] INFO  o.a.s.c.e.EhCacheManager - [getCache,169] - Using existing EHCache named [sys-dict]
18:04:49.018 [restartedMain] INFO  o.a.s.c.e.EhCacheManager - [getCache,169] - Using existing EHCache named [sys-dict]
18:04:49.023 [restartedMain] INFO  o.a.s.c.e.EhCacheManager - [getCache,169] - Using existing EHCache named [sys-dict]
18:04:49.027 [restartedMain] INFO  o.a.s.c.e.EhCacheManager - [getCache,169] - Using existing EHCache named [sys-dict]
18:04:49.033 [restartedMain] INFO  o.a.s.c.e.EhCacheManager - [getCache,169] - Using existing EHCache named [sys-dict]
18:04:49.039 [restartedMain] INFO  o.a.s.c.e.EhCacheManager - [getCache,169] - Using existing EHCache named [sys-dict]
18:04:49.044 [restartedMain] INFO  o.a.s.c.e.EhCacheManager - [getCache,169] - Using existing EHCache named [sys-dict]
18:04:49.204 [restartedMain] INFO  o.q.i.StdSchedulerFactory - [instantiate,1220] - Using default implementation for ThreadExecutor
18:04:49.223 [restartedMain] INFO  o.q.c.SchedulerSignalerImpl - [<init>,61] - Initialized Scheduler Signaller of type: class org.quartz.core.SchedulerSignalerImpl
18:04:49.224 [restartedMain] INFO  o.q.c.QuartzScheduler - [<init>,229] - Quartz Scheduler v.2.3.2 created.
18:04:49.232 [restartedMain] INFO  o.q.c.QuartzScheduler - [initialize,294] - Scheduler meta-data: Quartz Scheduler (v2.3.2) 'IntelliSmartScheduler' with instanceId 'VXer0NeXcitEd-moRphiNe.local1627725889209'
  Scheduler class: 'org.quartz.core.QuartzScheduler' - running locally.
  NOT STARTED.
  Currently in standby mode.
  Number of jobs executed: 0
  Using thread pool 'org.quartz.simpl.SimpleThreadPool' - with 20 threads.
  Using job-store 'org.springframework.scheduling.quartz.LocalDataSourceJobStore' - which supports persistence. and is clustered.

18:04:49.233 [restartedMain] INFO  o.q.i.StdSchedulerFactory - [instantiate,1374] - Quartz scheduler 'IntelliSmartScheduler' initialized from an externally provided properties instance.
18:04:49.233 [restartedMain] INFO  o.q.i.StdSchedulerFactory - [instantiate,1378] - Quartz scheduler version: 2.3.2
18:04:49.235 [restartedMain] INFO  o.q.c.QuartzScheduler - [setJobFactory,2293] - JobFactory set to: org.springframework.scheduling.quartz.AdaptableJobFactory@1c223983
18:04:51.162 [restartedMain] INFO  o.a.c.h.Http11NioProtocol - [log,173] - Starting ProtocolHandler ["http-nio-80"]
18:04:51.189 [restartedMain] INFO  c.i.IntelliSmartApplication - [logStarted,61] - Started IntelliSmartApplication in 6.864 seconds (JVM running for 7.718)
18:04:52.211 [Quartz Scheduler [IntelliSmartScheduler]] INFO  o.q.c.QuartzScheduler - [start,547] - Scheduler IntelliSmartScheduler_$_VXer0NeXcitEd-moRphiNe.local1627725889209 started.
18:05:05.933 [http-nio-80-exec-2] INFO  o.a.c.c.C.[.[.[/] - [log,173] - Initializing Spring DispatcherServlet 'dispatcherServlet'
18:05:05.973 [http-nio-80-exec-2] INFO  o.a.s.s.m.AbstractValidatingSessionManager - [enableSessionValidation,233] - Enabling session validation scheduler...
18:05:06.001 [http-nio-80-exec-2] INFO  o.a.s.c.e.EhCacheManager - [getCache,169] - Using existing EHCache named [shiro-activeSessionCache]
18:05:06.437 [http-nio-80-exec-1] INFO  o.a.s.c.e.EhCacheManager - [getCache,169] - Using existing EHCache named [sys-config]
18:05:06.978 [schedule-pool-1] INFO  c.i.f.s.w.s.OnlineWebSessionManager - [validateSessions,100] - invalidation sessions...
18:05:07.004 [schedule-pool-1] INFO  o.a.s.c.e.EhCacheManager - [getCache,169] - Using existing EHCache named [sys-userCache]
18:05:07.021 [schedule-pool-1] INFO  c.i.f.s.w.s.OnlineWebSessionManager - [validateSessions,165] - Finished invalidation session. [1] sessions were stopped.
18:05:11.158 [schedule-pool-2] INFO  sys-user - [run,109] - [127.0.0.1]内网IP[admin][Success][登录成功]
18:05:11.242 [http-nio-80-exec-23] INFO  o.a.s.c.e.EhCacheManager - [getCache,169] - Using existing EHCache named [sys-config]
18:05:11.243 [http-nio-80-exec-23] INFO  o.a.s.c.e.EhCacheManager - [getCache,169] - Using existing EHCache named [sys-config]
18:05:11.243 [http-nio-80-exec-23] INFO  o.a.s.c.e.EhCacheManager - [getCache,169] - Using existing EHCache named [sys-config]
18:05:11.243 [http-nio-80-exec-23] INFO  o.a.s.c.e.EhCacheManager - [getCache,169] - Using existing EHCache named [sys-config]
18:05:11.243 [http-nio-80-exec-23] INFO  o.a.s.c.e.EhCacheManager - [getCache,169] - Using existing EHCache named [sys-config]
18:05:11.244 [http-nio-80-exec-23] INFO  o.a.s.c.e.EhCacheManager - [getCache,169] - Using existing EHCache named [sys-config]
18:11:17.268 [SpringContextShutdownHook] INFO  o.q.c.QuartzScheduler - [standby,585] - Scheduler IntelliSmartScheduler_$_VXer0NeXcitEd-moRphiNe.local1627725889209 paused.
18:11:17.277 [SpringContextShutdownHook] INFO  o.q.c.QuartzScheduler - [shutdown,666] - Scheduler IntelliSmartScheduler_$_VXer0NeXcitEd-moRphiNe.local1627725889209 shutting down.
18:11:17.277 [SpringContextShutdownHook] INFO  o.q.c.QuartzScheduler - [standby,585] - Scheduler IntelliSmartScheduler_$_VXer0NeXcitEd-moRphiNe.local1627725889209 paused.
18:11:17.278 [SpringContextShutdownHook] INFO  o.q.c.QuartzScheduler - [shutdown,740] - Scheduler IntelliSmartScheduler_$_VXer0NeXcitEd-moRphiNe.local1627725889209 shutdown complete.
18:11:17.278 [SpringContextShutdownHook] INFO  sys-user - [shutdownSpringSessionValidationScheduler,45] - ====关闭会话验证任务====
18:11:17.280 [SpringContextShutdownHook] INFO  sys-user - [shutdownAsyncManager,62] - ====关闭后台任务任务线程池====
18:11:17.280 [SpringContextShutdownHook] INFO  sys-user - [shutdownEhCacheManager,75] - ====关闭缓存====
18:11:17.302 [SpringContextShutdownHook] INFO  c.a.d.p.DruidDataSource - [close,2043] - {dataSource-1} closing ...
18:11:17.311 [SpringContextShutdownHook] INFO  c.a.d.p.DruidDataSource - [close,2116] - {dataSource-1} closed
18:24:35.782 [background-preinit] INFO  o.h.v.i.util.Version - [<clinit>,21] - HV000001: Hibernate Validator 6.0.22.Final
18:24:35.800 [restartedMain] INFO  c.i.IntelliSmartApplication - [logStarting,55] - Starting IntelliSmartApplication on VXer0NeXcitEd-moRphiNe.local with PID 3263 (/Users/kevin/Documents/000-Develop/projects/intellismart/is-admin/target/classes started by kevin in /Users/kevin/Documents/000-Develop/projects/intellismart)
18:24:35.800 [restartedMain] INFO  c.i.IntelliSmartApplication - [logStartupProfileInfo,655] - The following profiles are active: druid
18:24:37.563 [restartedMain] INFO  o.a.s.c.e.EhCacheManager - [getCache,169] - Using existing EHCache named [sys-authCache]
18:24:38.233 [restartedMain] INFO  o.a.s.c.e.EhCacheManager - [getCache,169] - Using existing EHCache named [loginRecordCache]
18:24:38.946 [restartedMain] INFO  c.a.d.p.DruidDataSource - [init,990] - {dataSource-1} inited
18:24:39.080 [restartedMain] INFO  o.a.s.c.e.EhCacheManager - [getCache,169] - Using existing EHCache named [sys-config]
18:24:39.083 [restartedMain] INFO  o.a.s.c.e.EhCacheManager - [getCache,169] - Using existing EHCache named [sys-config]
18:24:39.083 [restartedMain] INFO  o.a.s.c.e.EhCacheManager - [getCache,169] - Using existing EHCache named [sys-config]
18:24:39.084 [restartedMain] INFO  o.a.s.c.e.EhCacheManager - [getCache,169] - Using existing EHCache named [sys-config]
18:24:39.084 [restartedMain] INFO  o.a.s.c.e.EhCacheManager - [getCache,169] - Using existing EHCache named [sys-config]
18:24:39.085 [restartedMain] INFO  o.a.s.c.e.EhCacheManager - [getCache,169] - Using existing EHCache named [sys-config]
18:24:39.085 [restartedMain] INFO  o.a.s.c.e.EhCacheManager - [getCache,169] - Using existing EHCache named [sys-config]
18:24:39.085 [restartedMain] INFO  o.a.s.c.e.EhCacheManager - [getCache,169] - Using existing EHCache named [sys-config]
18:24:39.086 [restartedMain] INFO  o.a.s.c.e.EhCacheManager - [getCache,169] - Using existing EHCache named [sys-config]
18:24:39.186 [restartedMain] INFO  o.a.s.c.e.EhCacheManager - [getCache,169] - Using existing EHCache named [sys-userCache]
18:24:39.536 [restartedMain] INFO  o.a.c.h.Http11NioProtocol - [log,173] - Initializing ProtocolHandler ["http-nio-80"]
18:24:39.537 [restartedMain] INFO  o.a.c.c.StandardService - [log,173] - Starting service [Tomcat]
18:24:39.537 [restartedMain] INFO  o.a.c.c.StandardEngine - [log,173] - Starting Servlet engine: [Apache Tomcat/9.0.41]
18:24:39.625 [restartedMain] INFO  o.a.c.c.C.[.[.[/] - [log,173] - Initializing Spring embedded WebApplicationContext
18:24:39.881 [restartedMain] INFO  o.a.s.c.e.EhCacheManager - [getCache,169] - Using existing EHCache named [sys-dict]
18:24:39.887 [restartedMain] INFO  o.a.s.c.e.EhCacheManager - [getCache,169] - Using existing EHCache named [sys-dict]
18:24:39.893 [restartedMain] INFO  o.a.s.c.e.EhCacheManager - [getCache,169] - Using existing EHCache named [sys-dict]
18:24:39.898 [restartedMain] INFO  o.a.s.c.e.EhCacheManager - [getCache,169] - Using existing EHCache named [sys-dict]
18:24:39.903 [restartedMain] INFO  o.a.s.c.e.EhCacheManager - [getCache,169] - Using existing EHCache named [sys-dict]
18:24:39.908 [restartedMain] INFO  o.a.s.c.e.EhCacheManager - [getCache,169] - Using existing EHCache named [sys-dict]
18:24:39.914 [restartedMain] INFO  o.a.s.c.e.EhCacheManager - [getCache,169] - Using existing EHCache named [sys-dict]
18:24:39.920 [restartedMain] INFO  o.a.s.c.e.EhCacheManager - [getCache,169] - Using existing EHCache named [sys-dict]
18:24:39.925 [restartedMain] INFO  o.a.s.c.e.EhCacheManager - [getCache,169] - Using existing EHCache named [sys-dict]
18:24:39.930 [restartedMain] INFO  o.a.s.c.e.EhCacheManager - [getCache,169] - Using existing EHCache named [sys-dict]
18:24:40.068 [restartedMain] INFO  o.q.i.StdSchedulerFactory - [instantiate,1220] - Using default implementation for ThreadExecutor
18:24:40.085 [restartedMain] INFO  o.q.c.SchedulerSignalerImpl - [<init>,61] - Initialized Scheduler Signaller of type: class org.quartz.core.SchedulerSignalerImpl
18:24:40.085 [restartedMain] INFO  o.q.c.QuartzScheduler - [<init>,229] - Quartz Scheduler v.2.3.2 created.
18:24:40.094 [restartedMain] INFO  o.q.c.QuartzScheduler - [initialize,294] - Scheduler meta-data: Quartz Scheduler (v2.3.2) 'IntelliSmartScheduler' with instanceId 'VXer0NeXcitEd-moRphiNe.local1627727080072'
  Scheduler class: 'org.quartz.core.QuartzScheduler' - running locally.
  NOT STARTED.
  Currently in standby mode.
  Number of jobs executed: 0
  Using thread pool 'org.quartz.simpl.SimpleThreadPool' - with 20 threads.
  Using job-store 'org.springframework.scheduling.quartz.LocalDataSourceJobStore' - which supports persistence. and is clustered.

18:24:40.094 [restartedMain] INFO  o.q.i.StdSchedulerFactory - [instantiate,1374] - Quartz scheduler 'IntelliSmartScheduler' initialized from an externally provided properties instance.
18:24:40.094 [restartedMain] INFO  o.q.i.StdSchedulerFactory - [instantiate,1378] - Quartz scheduler version: 2.3.2
18:24:40.096 [restartedMain] INFO  o.q.c.QuartzScheduler - [setJobFactory,2293] - JobFactory set to: org.springframework.scheduling.quartz.AdaptableJobFactory@54def6e3
18:24:41.909 [restartedMain] INFO  o.a.c.h.Http11NioProtocol - [log,173] - Starting ProtocolHandler ["http-nio-80"]
18:24:41.933 [restartedMain] INFO  c.i.IntelliSmartApplication - [logStarted,61] - Started IntelliSmartApplication in 6.477 seconds (JVM running for 7.607)
18:24:42.957 [Quartz Scheduler [IntelliSmartScheduler]] INFO  o.q.c.QuartzScheduler - [start,547] - Scheduler IntelliSmartScheduler_$_VXer0NeXcitEd-moRphiNe.local1627727080072 started.
18:24:46.702 [http-nio-80-exec-1] INFO  o.a.c.c.C.[.[.[/] - [log,173] - Initializing Spring DispatcherServlet 'dispatcherServlet'
18:24:46.735 [http-nio-80-exec-1] INFO  o.a.s.s.m.AbstractValidatingSessionManager - [enableSessionValidation,233] - Enabling session validation scheduler...
18:24:46.744 [http-nio-80-exec-1] INFO  o.a.s.c.e.EhCacheManager - [getCache,169] - Using existing EHCache named [shiro-activeSessionCache]
18:24:47.119 [http-nio-80-exec-2] INFO  o.a.s.c.e.EhCacheManager - [getCache,169] - Using existing EHCache named [sys-config]
18:24:47.742 [schedule-pool-1] INFO  c.i.f.s.w.s.OnlineWebSessionManager - [validateSessions,100] - invalidation sessions...
18:24:47.751 [schedule-pool-1] INFO  c.i.f.s.w.s.OnlineWebSessionManager - [validateSessions,165] - Finished invalidation session. No sessions were stopped.
18:24:52.125 [schedule-pool-2] INFO  sys-user - [run,109] - [127.0.0.1]内网IP[admin][Success][登录成功]
18:24:52.198 [http-nio-80-exec-23] INFO  o.a.s.c.e.EhCacheManager - [getCache,169] - Using existing EHCache named [sys-config]
18:24:52.199 [http-nio-80-exec-23] INFO  o.a.s.c.e.EhCacheManager - [getCache,169] - Using existing EHCache named [sys-config]
18:24:52.199 [http-nio-80-exec-23] INFO  o.a.s.c.e.EhCacheManager - [getCache,169] - Using existing EHCache named [sys-config]
18:24:52.200 [http-nio-80-exec-23] INFO  o.a.s.c.e.EhCacheManager - [getCache,169] - Using existing EHCache named [sys-config]
18:24:52.200 [http-nio-80-exec-23] INFO  o.a.s.c.e.EhCacheManager - [getCache,169] - Using existing EHCache named [sys-config]
18:24:52.201 [http-nio-80-exec-23] INFO  o.a.s.c.e.EhCacheManager - [getCache,169] - Using existing EHCache named [sys-config]
18:24:58.159 [http-nio-80-exec-25] INFO  o.a.s.c.e.EhCacheManager - [getCache,169] - Using existing EHCache named [sys-dict]
18:24:58.175 [http-nio-80-exec-25] INFO  o.a.s.c.e.EhCacheManager - [getCache,169] - Using existing EHCache named [sys-dict]
18:25:06.087 [http-nio-80-exec-21] INFO  o.a.s.c.e.EhCacheManager - [getCache,169] - Using existing EHCache named [sys-dict]
18:26:13.343 [http-nio-80-exec-30] INFO  o.a.s.c.e.EhCacheManager - [getCache,169] - Using existing EHCache named [sys-dict]
18:26:22.094 [http-nio-80-exec-30] INFO  o.a.s.c.e.EhCacheManager - [getCache,169] - Using existing EHCache named [sys-dict]
18:34:47.744 [schedule-pool-4] INFO  c.i.f.s.w.s.OnlineWebSessionManager - [validateSessions,100] - invalidation sessions...
18:34:47.749 [schedule-pool-4] INFO  c.i.f.s.w.s.OnlineWebSessionManager - [validateSessions,165] - Finished invalidation session. No sessions were stopped.
18:44:47.728 [schedule-pool-1] INFO  c.i.f.s.w.s.OnlineWebSessionManager - [validateSessions,100] - invalidation sessions...
18:44:47.732 [schedule-pool-1] INFO  c.i.f.s.w.s.OnlineWebSessionManager - [validateSessions,165] - Finished invalidation session. No sessions were stopped.
18:54:47.719 [schedule-pool-7] INFO  c.i.f.s.w.s.OnlineWebSessionManager - [validateSessions,100] - invalidation sessions...
18:54:47.734 [schedule-pool-7] INFO  c.i.f.s.w.s.OnlineWebSessionManager - [validateSessions,165] - Finished invalidation session. No sessions were stopped.
19:04:47.707 [schedule-pool-5] INFO  c.i.f.s.w.s.OnlineWebSessionManager - [validateSessions,100] - invalidation sessions...
19:04:47.724 [schedule-pool-5] INFO  o.a.s.c.e.EhCacheManager - [getCache,169] - Using existing EHCache named [sys-userCache]
19:04:47.741 [schedule-pool-5] INFO  c.i.f.s.w.s.OnlineWebSessionManager - [validateSessions,165] - Finished invalidation session. [1] sessions were stopped.
19:14:47.706 [schedule-pool-8] INFO  c.i.f.s.w.s.OnlineWebSessionManager - [validateSessions,100] - invalidation sessions...
19:14:47.713 [schedule-pool-8] INFO  c.i.f.s.w.s.OnlineWebSessionManager - [validateSessions,165] - Finished invalidation session. No sessions were stopped.
19:24:47.695 [schedule-pool-2] INFO  c.i.f.s.w.s.OnlineWebSessionManager - [validateSessions,100] - invalidation sessions...
19:24:47.706 [schedule-pool-2] INFO  c.i.f.s.w.s.OnlineWebSessionManager - [validateSessions,165] - Finished invalidation session. No sessions were stopped.
19:34:47.688 [schedule-pool-3] INFO  c.i.f.s.w.s.OnlineWebSessionManager - [validateSessions,100] - invalidation sessions...
19:34:47.696 [schedule-pool-3] INFO  c.i.f.s.w.s.OnlineWebSessionManager - [validateSessions,165] - Finished invalidation session. No sessions were stopped.
19:44:47.721 [schedule-pool-6] INFO  c.i.f.s.w.s.OnlineWebSessionManager - [validateSessions,100] - invalidation sessions...
19:44:47.726 [schedule-pool-6] INFO  c.i.f.s.w.s.OnlineWebSessionManager - [validateSessions,165] - Finished invalidation session. No sessions were stopped.
19:54:47.715 [schedule-pool-4] INFO  c.i.f.s.w.s.OnlineWebSessionManager - [validateSessions,100] - invalidation sessions...
19:54:47.718 [schedule-pool-4] INFO  c.i.f.s.w.s.OnlineWebSessionManager - [validateSessions,165] - Finished invalidation session. No sessions were stopped.
20:04:47.705 [schedule-pool-9] INFO  c.i.f.s.w.s.OnlineWebSessionManager - [validateSessions,100] - invalidation sessions...
20:04:47.709 [schedule-pool-9] INFO  c.i.f.s.w.s.OnlineWebSessionManager - [validateSessions,165] - Finished invalidation session. No sessions were stopped.
20:14:47.647 [schedule-pool-1] INFO  c.i.f.s.w.s.OnlineWebSessionManager - [validateSessions,100] - invalidation sessions...
20:14:47.653 [schedule-pool-1] INFO  c.i.f.s.w.s.OnlineWebSessionManager - [validateSessions,165] - Finished invalidation session. No sessions were stopped.
20:24:47.639 [schedule-pool-10] INFO  c.i.f.s.w.s.OnlineWebSessionManager - [validateSessions,100] - invalidation sessions...
20:24:47.650 [schedule-pool-10] INFO  c.i.f.s.w.s.OnlineWebSessionManager - [validateSessions,165] - Finished invalidation session. No sessions were stopped.
20:34:47.595 [schedule-pool-7] INFO  c.i.f.s.w.s.OnlineWebSessionManager - [validateSessions,100] - invalidation sessions...
20:34:47.605 [schedule-pool-7] INFO  c.i.f.s.w.s.OnlineWebSessionManager - [validateSessions,165] - Finished invalidation session. No sessions were stopped.
20:44:47.576 [schedule-pool-11] INFO  c.i.f.s.w.s.OnlineWebSessionManager - [validateSessions,100] - invalidation sessions...
20:44:47.584 [schedule-pool-11] INFO  c.i.f.s.w.s.OnlineWebSessionManager - [validateSessions,165] - Finished invalidation session. No sessions were stopped.
23:48:35.026 [schedule-pool-5] INFO  c.i.f.s.w.s.OnlineWebSessionManager - [validateSessions,100] - invalidation sessions...
23:48:35.067 [schedule-pool-5] INFO  c.i.f.s.w.s.OnlineWebSessionManager - [validateSessions,165] - Finished invalidation session. No sessions were stopped.
23:58:34.984 [schedule-pool-12] INFO  c.i.f.s.w.s.OnlineWebSessionManager - [validateSessions,100] - invalidation sessions...
23:58:34.992 [schedule-pool-12] INFO  c.i.f.s.w.s.OnlineWebSessionManager - [validateSessions,165] - Finished invalidation session. No sessions were stopped.
